20.19895	54.12	150.2
20.53749	55.28	149.8
20.8817	56.38	149.3
21.23169	57.37	148.9
21.58753	58.18	148.4
21.94935	58.79	148
22.31722	59.2	147.5
22.69126	59.43	147
23.07158	59.5	146.5
23.45826	59.44	146.1
23.85143	59.27	145.6
24.25118	59.03	145.1
24.65764	58.82	144.6
25.07091	58.72	144.1
25.4911	58.73	143.5
25.91834	58.84	142.9
26.35274	59.03	142.4
26.79441	59.27	141.9
27.2435	59.55	141.4
27.7001	59.84	140.8
28.16436	60.15	140.3
28.63641	60.46	139.7
29.11636	60.78	139.2
29.60436	61.12	138.6
30.10053	61.47	138
30.60502	61.82	137.5
31.11797	62.15	136.9
31.63952	62.45	136.3
32.1698	62.75	135.7
32.70898	63.05	135.1
33.25719	63.35	134.5
33.81459	63.65	133.9
34.38133	63.94	133.3
34.95757	64.24	132.7
35.54346	64.53	132
36.13918	64.81	131.4
36.74488	65.11	130.8
37.36074	65.4	130.2
37.98691	65.68	129.6
38.62358	65.95	128.9
39.27092	66.2	128.3
39.92911	66.45	127.7
40.59833	66.67	127
41.27877	66.86	126.4
41.97061	67.01	125.7
42.67405	67.12	125.1
43.38928	67.19	124.4
44.11649	67.23	123.7
44.8559	67.29	123.1
45.60769	67.53	122.3
46.37209	67.98	121.6
47.1493	68.47	121
47.93953	68.89	120.3
48.74301	69.28	119.6
49.55995	69.66	118.9
50.39059	70.02	118.2
51.23515	70.35	117.5
52.09386	70.66	116.9
52.96697	70.97	116.2
53.85471	71.26	115.5
54.75733	71.54	114.8
55.67507	71.81	114
56.6082	72.06	113.3
57.55697	72.28	112.6
58.52164	72.45	111.9
59.50247	72.62	111.2
60.49975	72.88	110.5
61.51374	73.24	109.8
62.54472	73.6	109.1
63.59299	73.93	108.4
64.65882	74.24	107.6
65.74252	74.53	106.8
66.84438	74.81	106.1
67.96471	75.08	105.4
69.10382	75.35	104.7
70.26201	75.62	103.9
71.43962	75.88	103.2
72.63697	76.14	102.5
73.85438	76.39	101.8
75.0922	76.64	101
76.35076	76.88	100.2
77.63042	77.12	99.5
78.93152	77.36	98.7
80.25443	77.6	98
81.59952	77.83	97.2
82.96715	78.07	96.5
84.3577	78.31	95.8
85.77155	78.55	95
87.2091	78.8	94.2
88.67075	79.03	93.4
90.15689	79.26	92.7
91.66795	79.49	91.9
93.20432	79.72	91.1
94.76645	79.91	90.4
96.35476	80.08	89.5
97.96969	80.23	88.7
99.61168	80.36	88
101.2812	80.49	87.2
102.9787	80.63	86.4
104.70465	80.78	85.7
106.45952	80.95	84.8
108.24381	81.13	84
110.058	81.32	83.2
111.9026	81.51	82.4
113.77812	81.68	81.6
115.68507	81.83	80.8
117.62398	81.96	79.9
119.59538	82.05	79.1
121.59983	82.12	78.3
123.63787	82.18	77.5
125.71007	82.23	76.7
127.81701	82.28	75.8
129.95925	82.33	75
132.1374	82.37	74.1
134.35205	82.4	73.3
136.60383	82.44	72.4
138.89334	82.5	71.5
141.22123	82.58	70.7
143.58813	82.66	69.8
145.9947	82.75	69
148.44161	82.83	68
150.92953	82.89	67.2
153.45914	82.93	66.3
156.03116	82.95	65.4
158.64628	82.95	64.5
161.30523	82.96	63.6
164.00874	82.97	62.7
166.75757	82.99	61.7
169.55247	83.04	60.8
172.39421	83.11	59.9
175.28358	83.18	59
178.22137	83.25	58
181.2084	83.31	57.1
184.2455	83.36	56.1
187.3335	83.39	55.1
190.47326	83.4	54.2
193.66564	83.41	53.3
196.91152	83.42	52.3
200.2118	83.45	51.3
203.5674	83.49	50.4
206.97924	83.53	49.5
210.44827	83.55	48.5
213.97543	83.57	47.6
217.56171	83.58	46.6
221.2081	83.59	45.7
224.9156	83.59	44.9
228.68524	83.58	43.9
232.51806	83.58	43
236.41512	83.61	42.1
240.3775	83.65	41.1
244.40628	83.65	40.2
248.50259	83.62	39.3
252.66756	83.57	38.4
256.90233	83.58	37.5
261.20807	83.59	36.6
265.58598	83.61	35.8
270.03727	83.62	34.9
274.56316	83.62	34
279.16491	83.6	33
283.84378	83.57	32.2
288.60107	83.55	31.3
293.43809	83.62	30.4
298.35619	83.72	29.5
303.35671	83.71	28.6
308.44104	83.66	27.7
313.61059	83.65	26.9
318.86678	83.65	26
324.21107	83.65	25.2
329.64492	83.63	24.4
335.16985	83.6	23.6
340.78738	83.56	22.8
346.49906	83.53	22.2
352.30647	83.52	21.4
358.21121	83.5	20.8
364.21492	83.48	20.1
370.31925	83.45	19.5
376.5259	83.41	19
382.83656	83.38	18.4
389.253	83.35	17.8
395.77697	83.32	17.4
402.41029	83.29	16.9
409.15479	83.27	16.5
416.01232	83.24	16.2
422.98479	83.2	15.8
430.07412	83.17	15.4
437.28226	83.14	15.2
444.61122	83.12	14.9
452.06302	83.12	14.7
459.6397	83.11	14.5
467.34338	83.11	14.4
475.17617	83.09	14.2
483.14023	83.06	14.1
491.23778	83.04	14
499.47105	83.03	14
507.84231	83.03	13.8
516.35387	83.05	13.7
525.00808	83.07	13.5
533.80735	83.09	13.3
542.75409	83.12	13
551.85078	83.15	12.7
561.09994	83.18	12.4
570.50411	83.2	12.1
580.0659	83.22	11.7
589.78794	83.23	11.2
599.67293	83.23	10.8
609.7236	83.22	10.3
619.94272	83.21	9.8
630.33311	83.17	9.3
640.89765	83.13	8.8
651.63925	83.05	8.6
662.56088	82.97	8.3
673.66556	82.88	8.2
684.95636	82.81	8.1
696.4364	82.75	8
708.10884	82.67	8
719.97692	82.62	8
732.04391	82.56	8
744.31315	82.51	7.9
756.78802	82.47	8.1
769.47197	82.45	8.2
782.36851	82.44	8.5
795.4812	82.45	8.7
808.81366	82.48	8.9
822.36957	82.52	9.1
836.15269	82.57	9.1
850.16681	82.64	9.1
864.41582	82.71	9
878.90364	82.78	8.8
893.63428	82.84	8.4
908.61181	82.9	8
923.84036	82.94	7.4
939.32415	82.97	6.8
955.06746	82.97	6.2
971.07462	82.95	5.6
987.35007	82.92	5.1
1003.8983	82.87	4.7
1020.7239	82.82	4.5
1037.8315	82.76	4.5
1055.2258	82.72	4.6
1072.9116	82.71	4.8
1090.8939	82.72	5.1
1109.1775	82.76	5.4
1127.7676	82.83	5.5
1146.6693	82.92	5.6
1165.8877	83.02	5.4
1185.4283	83.12	4.9
1205.2964	83.19	4.3
1225.4974	83.24	3.4
1246.0371	83.25	2.6
1266.9209	83.23	1.8
1288.1549	83.17	1.1
1309.7446	83.09	0.7
1331.6963	82.99	0.5
1354.0158	82.91	0.6
1376.7095	82.86	1
1399.7835	82.85	1.5
1423.2442	82.88	2.1
1447.0981	82.96	2.5
1471.3518	83.06	2.7
1496.012	83.17	2.7
1521.0856	83.27	2.6
1546.5793	83.36	2.4
1572.5004	83.45	2.3
1598.8559	83.55	2.3
1625.6531	83.69	2.4
1652.8994	83.88	2.5
1680.6024	84.14	2.3
1708.7697	84.46	1.6
1737.4091	84.81	0.3
1766.5285	85.15	-1.8
1796.136	85.45	-4.6
1826.2397	85.66	-8.2
1856.8479	85.76	-12.2
1887.9691	85.73	-16.6
1919.612	85.54	-21
1951.7851	85.19	-25.3
1984.4975	84.68	-29.1
2017.7582	84.01	-32.1
2051.5763	83.23	-33.7
2085.9612	82.4	-33.8
2120.9224	81.62	-32.1
2156.4696	81.04	-28.8
2192.6126	80.72	-24.9
2229.3613	80.68	-21.2
2266.7259	80.81	-18.5
2304.7168	81.01	-16.9
2343.3444	81.17	-16.3
2382.6195	81.28	-16
2422.5528	81.33	-16
2463.1553	81.35	-15.9
2504.4384	81.34	-15.9
2546.4134	81.29	-15.7
2589.0919	81.22	-15
2632.4858	81.2	-13.7
2676.6069	81.31	-12.1
2721.4674	81.57	-10.8
2767.0799	81.92	-10.5
2813.4568	82.24	-11.2
2860.6111	82.47	-12.3
2908.5556	82.64	-13.3
2957.3037	82.86	-14.3
3006.8689	83.15	-15.8
3057.2647	83.42	-18.6
3108.5052	83.52	-22.5
3160.6045	83.32	-26.7
3213.577	82.84	-29.6
3267.4374	82.27	-30.2
3322.2004	81.88	-28.8
3377.8813	81.8	-26.9
3434.4954	81.95	-26
3492.0584	82.13	-26.5
3550.5862	82.19	-27.8
3610.0949	82.1	-29.1
3670.6009	81.93	-29.5
3732.1211	81.82	-28.9
3794.6724	81.88	-27.6
3858.272	82.16	-26.7
3922.9376	82.58	-27
3988.687	83.02	-28.8
4055.5384	83.38	-31.8
4123.5102	83.59	-35.7
4192.6212	83.64	-40
4262.8906	83.53	-44.4
4334.3377	83.26	-48.5
4406.9822	82.83	-52
4480.8443	82.32	-54
4555.9444	81.91	-54.9
4632.3031	81.64	-55.9
4709.9417	81.31	-57.3
4788.8814	80.92	-57.6
4869.1443	80.75	-56.9
4950.7523	80.83	-57.4
5033.7281	80.83	-59.6
5118.0947	80.68	-61.8
5203.8752	80.59	-64
5291.0934	80.51	-67.6
5379.7734	80.22	-72.5
5469.9397	79.62	-77.7
5561.6173	78.66	-82.9
5654.8313	77.12	-86.6
5749.6077	75.07	-84.4
5845.9725	73.45	-73.7
5943.9525	73.22	-59.4
6043.5746	74.19	-49.1
6144.8664	75.48	-45.4
6247.8558	76.49	-45.9
6352.5714	77.19	-47.5
6459.0421	77.86	-49.4
6567.2972	78.58	-52.7
6677.3667	79.28	-58.3
6789.281	79.75	-66.9
6903.071	79.61	-78
7018.7682	78.58	-88.6
7136.4045	76.85	-94.5
7256.0123	75.05	-93.5
7377.6249	73.87	-87
7501.2757	73.72	-79.2
7626.9989	74.29	-75.4
7754.8293	74.83	-75.9
7884.8021	75.18	-77.5
8016.9533	75.63	-79.8
8151.3194	76.18	-84.8
8287.9375	76.42	-92.9
8426.8454	76.12	-101.2
8568.0814	75.64	-107.8
8711.6845	75.25	-114.6
8857.6945	74.63	-122.6
9006.1516	73.69	-130.1
9157.0969	72.58	-136
9310.5721	71.58	-139.8
9466.6196	71.07	-142.9
9625.2825	70.93	-148.8
9786.6046	70.75	-155.5
9950.6305	71.14	-160.4
10117.405	72.76	-169.1
10286.976	74.69	172.8
10459.388	75.86	150.8
10634.69	76.69	132.2
10812.93	77.99	116.1
10994.157	79.65	98.3
11178.422	81.1	78.7
11365.775	82.27	58.9
11556.268	83.15	39
11749.954	83.5	19.4
11946.886	83.55	2.5
12147.119	83.59	-13.2
12350.708	83.24	-30
12557.708	82.26	-45.1
12768.179	80.99	-54.7
12982.177	79.74	-59.4
13199.761	78.91	-61.4
13420.992	78.93	-63.8
13645.931	79.25	-68.9
13874.641	79.16	-74.3
14107.183	79	-77.7
14343.623	79.35	-81.6
14584.025	80.16	-88
14828.457	80.96	-98.4
15076.986	81.19	-111
15329.68	80.97	-121.7
15586.609	81.05	-131
15847.844	81.55	-142.7
16113.458	81.86	-159.9
16383.524	81.18	179.7
16658.115	79.65	163.3
16937.31	78.29	151.3
17221.183	77.31	137.6
17509.814	76.14	120.6
17803.283	74.39	102.9
18101.67	72.12	84.5
18405.059	69.56	64.6
18713.532	66.88	44.3
19027.176	64.18	23
19346.076	61.35	1.6
