"| "| "| "| Standardized FRD file, measured by OmniMic "REF1410142.omm" on 10/14/2014 by userID: 
"| "| "| "| Equivalent to driven with 2.83V and measured at 1m
"| "| "| "| Acoustic origin is 10.73useconds behind the mounting plane.
"| "| "| "| 
20.19895	54.12	150.4
20.53749	55.28	150
20.8817	56.38	149.5
21.23169	57.37	149.1
21.58753	58.18	148.6
21.94935	58.79	148.2
22.31722	59.2	147.7
22.69126	59.43	147.2
23.07158	59.5	146.7
23.45826	59.44	146.3
23.85143	59.27	145.8
24.25118	59.03	145.3
24.65764	58.82	144.8
25.07091	58.72	144.3
25.4911	58.73	143.8
25.91834	58.84	143.2
26.35274	59.03	142.7
26.79441	59.27	142.2
27.2435	59.55	141.7
27.7001	59.84	141.1
28.16436	60.15	140.6
28.63641	60.46	140
29.11636	60.78	139.5
29.60436	61.12	138.9
30.10053	61.47	138.3
30.60502	61.82	137.8
31.11797	62.15	137.2
31.63952	62.45	136.6
32.1698	62.75	136
32.70898	63.05	135.4
33.25719	63.35	134.8
33.81459	63.65	134.2
34.38133	63.94	133.6
34.95757	64.24	133
35.54346	64.53	132.4
36.13918	64.81	131.8
36.74488	65.11	131.2
37.36074	65.4	130.6
37.98691	65.68	130
38.62358	65.95	129.3
39.27092	66.2	128.7
39.92911	66.45	128.1
40.59833	66.67	127.4
41.27877	66.86	126.8
41.97061	67.01	126.1
42.67405	67.12	125.5
43.38928	67.19	124.8
44.11649	67.23	124.1
44.8559	67.29	123.5
45.60769	67.53	122.8
46.37209	67.98	122.1
47.1493	68.47	121.5
47.93953	68.89	120.8
48.74301	69.28	120.1
49.55995	69.66	119.4
50.39059	70.02	118.7
51.23515	70.35	118
52.09386	70.66	117.4
52.96697	70.97	116.7
53.85471	71.26	116
54.75733	71.54	115.3
55.67507	71.81	114.6
56.6082	72.06	113.9
57.55697	72.28	113.2
58.52164	72.45	112.5
59.50247	72.62	111.8
60.49975	72.88	111.1
61.51374	73.24	110.4
62.54472	73.6	109.7
63.59299	73.93	109
64.65882	74.24	108.2
65.74252	74.53	107.5
66.84438	74.81	106.8
67.96471	75.08	106.1
69.10382	75.35	105.4
70.26201	75.62	104.6
71.43962	75.88	103.9
72.63697	76.14	103.2
73.85438	76.39	102.5
75.0922	76.64	101.7
76.35076	76.88	101
77.63042	77.12	100.3
78.93152	77.36	99.5
80.25443	77.6	98.8
81.59952	77.83	98
82.96715	78.07	97.3
84.3577	78.31	96.6
85.77155	78.55	95.8
87.2091	78.8	95.1
88.67075	79.03	94.3
90.15689	79.26	93.6
91.66795	79.49	92.8
93.20432	79.72	92
94.76645	79.91	91.3
96.35476	80.08	90.5
97.96969	80.23	89.7
99.61168	80.36	89
101.2812	80.49	88.2
102.9787	80.63	87.4
104.70465	80.78	86.7
106.45952	80.95	85.9
108.24381	81.13	85.1
110.058	81.32	84.3
111.9026	81.51	83.5
113.77812	81.68	82.7
115.68507	81.83	81.9
117.62398	81.96	81.1
119.59538	82.05	80.3
121.59983	82.12	79.5
123.63787	82.18	78.7
125.71007	82.23	77.9
127.81701	82.28	77.1
129.95925	82.33	76.3
132.1374	82.37	75.4
134.35205	82.4	74.6
136.60383	82.44	73.8
138.89334	82.5	72.9
141.22123	82.58	72.1
143.58813	82.66	71.2
145.9947	82.75	70.4
148.44161	82.83	69.5
150.92953	82.89	68.7
153.45914	82.93	67.8
156.03116	82.95	66.9
158.64628	82.95	66.1
161.30523	82.96	65.2
164.00874	82.97	64.3
166.75757	82.99	63.4
169.55247	83.04	62.5
172.39421	83.11	61.6
175.28358	83.18	60.7
178.22137	83.25	59.8
181.2084	83.31	58.9
184.2455	83.36	57.9
187.3335	83.39	57
190.47326	83.4	56.1
193.66564	83.41	55.2
196.91152	83.42	54.2
200.2118	83.45	53.3
203.5674	83.49	52.4
206.97924	83.53	51.5
210.44827	83.55	50.6
213.97543	83.57	49.7
217.56171	83.58	48.8
221.2081	83.59	47.9
224.9156	83.59	47.1
228.68524	83.58	46.2
232.51806	83.58	45.3
236.41512	83.61	44.4
240.3775	83.65	43.5
244.40628	83.65	42.6
248.50259	83.62	41.8
252.66756	83.57	40.9
256.90233	83.58	40
261.20807	83.59	39.2
265.58598	83.61	38.4
270.03727	83.62	37.6
274.56316	83.62	36.7
279.16491	83.6	35.8
283.84378	83.57	35
288.60107	83.55	34.2
293.43809	83.62	33.3
298.35619	83.72	32.5
303.35671	83.71	31.6
308.44104	83.66	30.8
313.61059	83.65	30
318.86678	83.65	29.2
324.21107	83.65	28.4
329.64492	83.63	27.7
335.16985	83.6	26.9
340.78738	83.56	26.2
346.49906	83.53	25.6
352.30647	83.52	24.9
358.21121	83.5	24.3
364.21492	83.48	23.7
370.31925	83.45	23.2
376.5259	83.41	22.7
382.83656	83.38	22.2
389.253	83.35	21.7
395.77697	83.32	21.3
402.41029	83.29	20.9
409.15479	83.27	20.6
416.01232	83.24	20.3
422.98479	83.2	20
430.07412	83.17	19.7
437.28226	83.14	19.5
444.61122	83.12	19.3
452.06302	83.12	19.2
459.6397	83.11	19.1
467.34338	83.11	19
475.17617	83.09	18.9
483.14023	83.06	18.9
491.23778	83.04	18.9
499.47105	83.03	18.9
507.84231	83.03	18.8
516.35387	83.05	18.8
525.00808	83.07	18.7
533.80735	83.09	18.6
542.75409	83.12	18.4
551.85078	83.15	18.2
561.09994	83.18	18
570.50411	83.2	17.7
580.0659	83.22	17.4
589.78794	83.23	17
599.67293	83.23	16.7
609.7236	83.22	16.3
619.94272	83.21	15.9
630.33311	83.17	15.5
640.89765	83.13	15.1
651.63925	83.07	14.9
662.56088	83	14.7
673.66556	82.92	14.6
684.95636	82.85	14.6
696.4364	82.79	14.7
708.10884	82.72	14.9
719.97692	82.68	15.3
732.04391	82.64	15.6
744.31315	82.63	16.1
756.78802	82.63	16.6
769.47197	82.66	17
782.36851	82.71	17.4
795.4812	82.77	17.7
808.81366	82.85	17.9
822.36957	82.94	18
836.15269	83.03	17.9
850.16681	83.11	17.6
864.41582	83.18	17.2
878.90364	83.24	16.6
893.63428	83.27	16
908.61181	83.28	15.4
923.84036	83.25	14.7
939.32415	83.2	14
955.06746	83.12	13.5
971.07462	83.02	13.2
987.35007	82.9	13
1003.8983	82.77	13.1
1020.7239	82.64	13.4
1037.8315	82.52	14
1055.2258	82.42	14.8
1072.9116	82.35	15.9
1090.8939	82.32	17
1109.1775	82.33	18.2
1127.7676	82.38	19.5
1146.6693	82.46	20.6
1165.8877	82.58	21.7
1185.4283	82.72	22.7
1205.2964	82.89	23.5
1225.4974	83.08	24.2
1246.0371	83.29	24.8
1266.9209	83.52	25.1
1288.1549	83.76	25.2
1309.7446	84.01	25.1
1331.6963	84.25	24.7
1354.0158	84.48	24
1376.7095	84.69	23.1
1399.7835	84.86	22.1
1423.2442	84.99	21
1447.0981	85.09	19.9
1471.3518	85.17	19
1496.012	85.24	18.2
1521.0856	85.32	17.7
1546.5793	85.43	17.2
1572.5004	85.58	16.8
1598.8559	85.78	16.1
1625.6531	86.02	15.1
1652.8994	86.27	13.6
1680.6024	86.51	11.7
1708.7697	86.72	9.2
1737.4091	86.87	6.2
1766.5285	86.95	2.9
1796.136	86.95	-0.6
1826.2397	86.85	-4.3
1856.8479	86.65	-7.9
1887.9691	86.37	-11.5
1919.612	85.99	-14.8
1951.7851	85.52	-17.9
1984.4975	84.97	-20.6
2017.7582	84.33	-22.9
2051.5763	83.61	-24.6
2085.9612	82.78	-25.7
2120.9224	81.86	-25.6
2156.4696	80.89	-24.1
2192.6126	79.95	-20.9
2229.3613	79.18	-15.9
2266.7259	78.69	-9.9
2304.7168	78.48	-4.1
2343.3444	78.44	1
2382.6195	78.44	5.3
2422.5528	78.44	9.7
2463.1553	78.51	14.7
2504.4384	78.77	19.9
2546.4134	79.28	24.4
2589.0919	79.91	27.5
2632.4858	80.54	29
2676.6069	81.06	29.7
2721.4674	81.48	30.1
2767.0799	81.87	30.6
2813.4568	82.27	31.2
2860.6111	82.71	31.5
2908.5556	83.14	31.3
2957.3037	83.54	30.9
3006.8689	83.93	30.4
3057.2647	84.36	29.7
3108.5052	84.82	28.4
3160.6045	85.24	26.3
3213.577	85.55	23.4
3267.4374	85.69	20.3
3322.2004	85.7	17.6
3377.8813	85.66	15.5
3434.4954	85.62	13.8
3492.0584	85.57	12.1
3550.5862	85.47	10.4
3610.0949	85.3	9.1
3670.6009	85.15	8.4
3732.1211	85.05	7.8
3794.6724	84.92	6.9
3858.272	84.67	6.2
3922.9376	84.35	6.7
3988.687	84.13	8.5
4055.5384	84.11	10.8
4123.5102	84.22	12.7
4192.6212	84.39	14.5
4262.8906	84.69	16.3
4334.3377	85.13	17.4
4406.9822	85.63	17.5
4480.8443	86.15	16.6
4555.9444	86.66	14.5
4632.3031	87.07	11.3
4709.9417	87.29	7.3
4788.8814	87.31	3.3
4869.1443	87.18	-0.1
4950.7523	86.97	-2.8
5033.7281	86.76	-5.1
5118.0947	86.53	-7.4
5203.8752	86.17	-9.6
5291.0934	85.7	-11.2
5379.7734	85.16	-11.7
5469.9397	84.62	-11
5561.6173	84.15	-9.3
5654.8313	83.7	-6.8
5749.6077	83.35	-2.6
5845.9725	83.37	3.2
5943.9525	83.85	8.4
6043.5746	84.64	11.6
6144.8664	85.52	12.2
6247.8558	86.21	10.7
6352.5714	86.67	9.1
6459.0421	87.13	8.1
6567.2972	87.7	6.5
6677.3667	88.3	3.6
6789.281	88.82	-0.8
6903.071	89.09	-6.6
7018.7682	89.02	-12.2
7136.4045	88.73	-16.2
7256.0123	88.46	-18.5
7377.6249	88.38	-20
7501.2757	88.39	-22.5
7626.9989	88.31	-25.5
7754.8293	88.12	-28.6
7884.8021	87.81	-31.5
8016.9533	87.43	-33.5
8151.3194	87.08	-34.9
8287.9375	86.69	-36.1
8426.8454	86.2	-36.5
8568.0814	85.7	-35.3
8711.6845	85.35	-32.3
8857.6945	85.35	-28.2
9006.1516	85.8	-25.3
9157.0969	86.36	-25
9310.5721	86.76	-26.5
9466.6196	86.96	-28.3
9625.2825	87.05	-29.4
9786.6046	87.24	-29.7
9950.6305	87.54	-30.4
10117.405	87.89	-31.4
10286.976	88.37	-32.4
10459.388	89.03	-34.9
10634.69	89.67	-39.7
10812.93	90.14	-46.4
10994.157	90.36	-55.3
11178.422	89.96	-66.3
11365.775	88.52	-75.2
11556.268	86.37	-76.2
11749.954	84.73	-66.3
11946.886	84.6	-51.5
12147.119	86.29	-40.1
12350.708	88.52	-39.2
12557.708	90.34	-45.5
12768.179	91.32	-55.4
12982.177	91.64	-63.9
13199.761	91.9	-70.4
13420.992	92.29	-77.9
13645.931	92.31	-87.3
13874.641	91.82	-94.6
14107.183	91.46	-97.7
14343.623	91.72	-100.3
14584.025	92.4	-106.9
14828.457	92.7	-118.8
15076.986	92.14	-132.1
15329.68	90.83	-141.4
15586.609	89.56	-145.2
15847.844	88.75	-146.9
16113.458	88.18	-148.1
16383.524	87.97	-148.3
16658.115	88.17	-150.3
16937.31	88.49	-154.9
17221.183	88.76	-163.4
17509.814	88.37	-174.7
17803.283	87.39	177.7
18101.67	86.41	171.9
18405.059	85.45	167.7
18713.532	84.78	165
19027.176	84.29	160.9
19346.076	83.75	157.3
