20.19895	54.12	150.4
20.53749	55.28	150
20.8817	56.38	149.5
21.23169	57.37	149.1
21.58753	58.18	148.6
21.94935	58.79	148.2
22.31722	59.2	147.7
22.69126	59.43	147.2
23.07158	59.5	146.7
23.45826	59.44	146.3
23.85143	59.27	145.8
24.25118	59.03	145.3
24.65764	58.82	144.8
25.07091	58.72	144.3
25.4911	58.73	143.8
25.91834	58.84	143.2
26.35274	59.03	142.7
26.79441	59.27	142.2
27.2435	59.55	141.7
27.7001	59.84	141.1
28.16436	60.15	140.6
28.63641	60.46	140
29.11636	60.78	139.5
29.60436	61.12	138.9
30.10053	61.47	138.3
30.60502	61.82	137.8
31.11797	62.15	137.2
31.63952	62.45	136.6
32.1698	62.75	136
32.70898	63.05	135.4
33.25719	63.35	134.8
33.81459	63.65	134.2
34.38133	63.94	133.6
34.95757	64.24	133
35.54346	64.53	132.4
36.13918	64.81	131.8
36.74488	65.11	131.2
37.36074	65.4	130.6
37.98691	65.68	130
38.62358	65.95	129.3
39.27092	66.2	128.7
39.92911	66.45	128.1
40.59833	66.67	127.4
41.27877	66.86	126.8
41.97061	67.01	126.1
42.67405	67.12	125.5
43.38928	67.19	124.8
44.11649	67.23	124.1
44.8559	67.29	123.5
45.60769	67.53	122.8
46.37209	67.98	122.1
47.1493	68.47	121.5
47.93953	68.89	120.8
48.74301	69.28	120.1
49.55995	69.66	119.4
50.39059	70.02	118.7
51.23515	70.35	118
52.09386	70.66	117.4
52.96697	70.97	116.7
53.85471	71.26	116
54.75733	71.54	115.3
55.67507	71.81	114.6
56.6082	72.06	113.9
57.55697	72.28	113.2
58.52164	72.45	112.5
59.50247	72.62	111.8
60.49975	72.88	111.1
61.51374	73.24	110.4
62.54472	73.6	109.7
63.59299	73.93	109
64.65882	74.24	108.2
65.74252	74.53	107.5
66.84438	74.81	106.8
67.96471	75.08	106.1
69.10382	75.35	105.4
70.26201	75.62	104.6
71.43962	75.88	103.9
72.63697	76.14	103.2
73.85438	76.39	102.5
75.0922	76.64	101.7
76.35076	76.88	101
77.63042	77.12	100.3
78.93152	77.36	99.5
80.25443	77.6	98.8
81.59952	77.83	98
82.96715	78.07	97.3
84.3577	78.31	96.6
85.77155	78.55	95.8
87.2091	78.8	95.1
88.67075	79.03	94.3
90.15689	79.26	93.6
91.66795	79.49	92.8
93.20432	79.72	91.9
94.76645	79.91	91.2
96.35476	80.08	90.4
97.96969	80.23	89.6
99.61168	80.36	88.9
101.2812	80.49	88.1
102.9787	80.63	87.3
104.70465	80.78	86.6
106.45952	80.95	85.8
108.24381	81.13	85
110.058	81.32	84.2
111.9026	81.51	83.4
113.77812	81.68	82.6
115.68507	81.83	81.8
117.62398	81.96	81
119.59538	82.05	80.2
121.59983	82.12	79.4
123.63787	82.18	78.6
125.71007	82.23	77.8
127.81701	82.28	77
129.95925	82.33	76.2
132.1374	82.37	75.3
134.35205	82.4	74.5
136.60383	82.44	73.7
138.89334	82.5	72.8
141.22123	82.58	72
143.58813	82.66	71.1
145.9947	82.75	70.3
148.44161	82.83	69.4
150.92953	82.89	68.6
153.45914	82.93	67.7
156.03116	82.95	66.8
158.64628	82.95	66
161.30523	82.96	65.1
164.00874	82.97	64.2
166.75757	82.99	63.3
169.55247	83.04	62.4
172.39421	83.11	61.5
175.28358	83.18	60.6
178.22137	83.25	59.7
181.2084	83.31	58.8
184.2455	83.36	57.8
187.3335	83.39	56.9
190.47326	83.4	56
193.66564	83.41	55.1
196.91152	83.42	54.1
200.2118	83.45	53.2
203.5674	83.49	52.3
206.97924	83.53	51.4
210.44827	83.55	50.5
213.97543	83.57	49.6
217.56171	83.58	48.7
221.2081	83.59	47.8
224.9156	83.59	47
228.68524	83.58	46.1
232.51806	83.58	45.2
236.41512	83.61	44.3
240.3775	83.65	43.4
244.40628	83.65	42.5
248.50259	83.62	41.7
252.66756	83.57	40.8
256.90233	83.58	39.9
261.20807	83.59	39.1
265.58598	83.61	38.3
270.03727	83.62	37.5
274.56316	83.62	36.6
279.16491	83.6	35.6
283.84378	83.57	34.8
288.60107	83.55	34
293.43809	83.62	33.1
298.35619	83.72	32.3
303.35671	83.71	31.4
308.44104	83.66	30.6
313.61059	83.65	29.8
318.86678	83.65	29
324.21107	83.65	28.2
329.64492	83.63	27.5
335.16985	83.6	26.7
340.78738	83.56	26
346.49906	83.53	25.4
352.30647	83.52	24.7
358.21121	83.5	24.1
364.21492	83.48	23.5
370.31925	83.45	23
376.5259	83.41	22.5
382.83656	83.38	22
389.253	83.35	21.5
395.77697	83.32	21.1
402.41029	83.29	20.7
409.15479	83.27	20.4
416.01232	83.24	20.1
422.98479	83.2	19.8
430.07412	83.17	19.5
437.28226	83.14	19.3
444.61122	83.12	19.1
452.06302	83.12	19
459.6397	83.11	18.9
467.34338	83.11	18.7
475.17617	83.09	18.6
483.14023	83.06	18.6
491.23778	83.04	18.6
499.47105	83.03	18.6
507.84231	83.03	18.5
516.35387	83.05	18.5
525.00808	83.07	18.4
533.80735	83.09	18.3
542.75409	83.12	18.1
551.85078	83.15	17.9
561.09994	83.18	17.7
570.50411	83.2	17.4
580.0659	83.22	17.1
589.78794	83.23	16.7
599.67293	83.23	16.4
609.7236	83.22	16
619.94272	83.21	15.6
630.33311	83.17	15.2
640.89765	83.13	14.8
651.63925	83.05	14.7
662.56088	82.96	14.6
673.66556	82.88	14.6
684.95636	82.8	14.6
696.4364	82.72	14.6
708.10884	82.65	14.7
719.97692	82.58	14.9
732.04391	82.51	15
744.31315	82.43	15.2
756.78802	82.39	15.5
769.47197	82.35	15.9
782.36851	82.34	16.4
795.4812	82.34	16.9
808.81366	82.37	17.4
822.36957	82.42	17.8
836.15269	82.48	18.2
850.16681	82.56	18.5
864.41582	82.65	18.6
878.90364	82.75	18.6
893.63428	82.85	18.4
908.61181	82.93	18.1
923.84036	83	17.6
939.32415	83.05	17
955.06746	83.07	16.3
971.07462	83.06	15.6
987.35007	83.02	14.9
1003.8983	82.94	14.3
1020.7239	82.83	13.9
1037.8315	82.7	13.8
1055.2258	82.55	13.9
1072.9116	82.41	14.4
1090.8939	82.28	15.3
1109.1775	82.2	16.5
1127.7676	82.16	17.9
1146.6693	82.2	19.4
1165.8877	82.3	20.9
1185.4283	82.46	22.1
1205.2964	82.67	23.1
1225.4974	82.9	23.8
1246.0371	83.15	24
1266.9209	83.38	23.9
1288.1549	83.59	23.6
1309.7446	83.77	23.1
1331.6963	83.93	22.6
1354.0158	84.06	22
1376.7095	84.18	21.5
1399.7835	84.3	21.1
1423.2442	84.43	20.8
1447.0981	84.57	20.4
1471.3518	84.73	20
1496.012	84.91	19.4
1521.0856	85.08	18.6
1546.5793	85.26	17.6
1572.5004	85.42	16.5
1598.8559	85.56	15.2
1625.6531	85.7	13.9
1652.8994	85.84	12.5
1680.6024	85.98	11
1708.7697	86.14	9.3
1737.4091	86.29	7.3
1766.5285	86.44	4.7
1796.136	86.55	1.7
1826.2397	86.58	-1.9
1856.8479	86.5	-5.8
1887.9691	86.3	-9.9
1919.612	85.94	-14
1951.7851	85.42	-17.7
1984.4975	84.77	-20.8
2017.7582	84.01	-22.9
2051.5763	83.19	-23.8
2085.9612	82.37	-23.7
2120.9224	81.58	-22.6
2156.4696	80.82	-20.6
2192.6126	80.12	-17.7
2229.3613	79.5	-13.8
2266.7259	79.02	-8.9
2304.7168	78.76	-3.4
2343.3444	78.75	2.1
2382.6195	78.94	6.7
2422.5528	79.21	10.2
2463.1553	79.48	13
2504.4384	79.74	15.3
2546.4134	79.99	17.6
2589.0919	80.29	19.8
2632.4858	80.66	21.6
2676.6069	81.06	22.9
2721.4674	81.47	23.5
2767.0799	81.84	23.5
2813.4568	82.14	23.2
2860.6111	82.38	23
2908.5556	82.62	22.8
2957.3037	82.88	22.7
3006.8689	83.16	22.2
3057.2647	83.41	21
3108.5052	83.55	19.5
3160.6045	83.57	18.3
3213.577	83.53	17.9
3267.4374	83.55	18.3
3322.2004	83.67	18.7
3377.8813	83.87	18.9
3434.4954	84.06	18.6
3492.0584	84.26	18.3
3550.5862	84.49	17.8
3610.0949	84.76	16.8
3670.6009	84.98	15.1
3732.1211	85.08	13.1
3794.6724	85.09	11.5
3858.272	85.08	10.3
3922.9376	85.13	9.1
3988.687	85.16	7.3
4055.5384	85.04	5.2
4123.5102	84.71	4
4192.6212	84.38	4.7
4262.8906	84.29	6.6
4334.3377	84.42	8
4406.9822	84.62	8.9
4480.8443	84.91	9.4
4555.9444	85.32	9.1
4632.3031	85.71	7.1
4709.9417	85.91	4.2
4788.8814	85.95	1.6
4869.1443	85.98	-0.6
4950.7523	86.02	-3.1
5033.7281	85.98	-6.1
5118.0947	85.81	-9.4
5203.8752	85.49	-12.5
5291.0934	85.01	-15
5379.7734	84.42	-16.4
5469.9397	83.85	-16.5
5561.6173	83.28	-16.4
5654.8313	82.53	-15.4
5749.6077	81.73	-11.2
5845.9725	81.32	-4.1
5943.9525	81.53	3.8
6043.5746	82.31	9.9
6144.8664	83.35	12.3
6247.8558	84.21	11.7
6352.5714	84.86	10.5
6459.0421	85.47	8.9
6567.2972	86.08	6.7
6677.3667	86.66	3.4
6789.281	87.13	-1.1
6903.071	87.36	-6.6
7018.7682	87.3	-12
7136.4045	87.02	-16.2
7256.0123	86.72	-18.8
7377.6249	86.53	-20.9
7501.2757	86.32	-23.1
7626.9989	86.09	-24.5
7754.8293	85.99	-25.7
7884.8021	85.94	-27.9
8016.9533	85.73	-30.8
8151.3194	85.3	-33.4
8287.9375	84.72	-34.6
8426.8454	84.13	-34.2
8568.0814	83.65	-32.6
8711.6845	83.3	-29.8
8857.6945	83.21	-25.9
9006.1516	83.52	-22.1
9157.0969	84.12	-20.4
9310.5721	84.73	-21.1
9466.6196	85.12	-23.4
9625.2825	85.24	-25.7
9786.6046	85.28	-26.7
9950.6305	85.48	-27.2
10117.405	85.77	-28.3
10286.976	85.97	-29.7
10459.388	86.16	-30.2
10634.69	86.58	-29.9
10812.93	87.34	-30.7
10994.157	88.2	-34.3
11178.422	88.81	-40
11365.775	89.23	-45.8
11556.268	89.66	-52
11749.954	89.89	-60
11946.886	89.76	-68.2
12147.119	89.47	-74.5
12350.708	89.24	-80.3
12557.708	88.96	-86.3
12768.179	88.55	-91.4
12982.177	88.12	-95.7
13199.761	87.87	-100.3
13420.992	87.68	-105.3
13645.931	87.29	-110.6
13874.641	86.6	-115.6
14107.183	85.93	-118.3
14343.623	85.89	-119.1
14584.025	86.44	-123.6
14828.457	86.59	-134.6
15076.986	85.62	-146.8
15329.68	83.87	-153.7
15586.609	82.17	-153.9
15847.844	81.24	-149.5
16113.458	81.3	-146.4
16383.524	81.68	-148
16658.115	81.99	-152
16937.31	82.41	-158.7
17221.183	82.45	-170.1
17509.814	81.59	178.1
17803.283	80.22	170.1
18101.67	78.87	165.2
18405.059	77.5	162.2
18713.532	76.28	162.4
19027.176	75.73	164.3
19346.076	75.87	163.3
