20.19895	54.12	150.3
20.53749	55.28	149.9
20.8817	56.38	149.4
21.23169	57.37	149
21.58753	58.18	148.5
21.94935	58.79	148.1
22.31722	59.2	147.6
22.69126	59.43	147.1
23.07158	59.5	146.6
23.45826	59.44	146.2
23.85143	59.27	145.7
24.25118	59.03	145.2
24.65764	58.82	144.7
25.07091	58.72	144.2
25.4911	58.73	143.7
25.91834	58.84	143.1
26.35274	59.03	142.6
26.79441	59.27	142.1
27.2435	59.55	141.6
27.7001	59.84	141
28.16436	60.15	140.5
28.63641	60.46	139.9
29.11636	60.78	139.4
29.60436	61.12	138.8
30.10053	61.47	138.2
30.60502	61.82	137.7
31.11797	62.15	137.1
31.63952	62.45	136.5
32.1698	62.75	135.9
32.70898	63.05	135.3
33.25719	63.35	134.7
33.81459	63.65	134.1
34.38133	63.94	133.5
34.95757	64.24	132.9
35.54346	64.53	132.3
36.13918	64.81	131.7
36.74488	65.11	131.1
37.36074	65.4	130.5
37.98691	65.68	129.9
38.62358	65.95	129.2
39.27092	66.2	128.6
39.92911	66.45	128
40.59833	66.67	127.3
41.27877	66.86	126.7
41.97061	67.01	126
42.67405	67.12	125.4
43.38928	67.19	124.7
44.11649	67.23	123.9
44.8559	67.29	123.3
45.60769	67.53	122.6
46.37209	67.98	121.9
47.1493	68.47	121.3
47.93953	68.89	120.6
48.74301	69.28	119.9
49.55995	69.66	119.2
50.39059	70.02	118.5
51.23515	70.35	117.8
52.09386	70.66	117.2
52.96697	70.97	116.5
53.85471	71.26	115.8
54.75733	71.54	115.1
55.67507	71.81	114.4
56.6082	72.06	113.7
57.55697	72.28	113
58.52164	72.45	112.3
59.50247	72.62	111.6
60.49975	72.88	110.9
61.51374	73.24	110.2
62.54472	73.6	109.5
63.59299	73.93	108.8
64.65882	74.24	108
65.74252	74.53	107.3
66.84438	74.81	106.6
67.96471	75.08	105.9
69.10382	75.35	105.2
70.26201	75.62	104.4
71.43962	75.88	103.7
72.63697	76.14	103
73.85438	76.39	102.2
75.0922	76.64	101.4
76.35076	76.88	100.7
77.63042	77.12	100
78.93152	77.36	99.2
80.25443	77.6	98.5
81.59952	77.83	97.7
82.96715	78.07	97
84.3577	78.31	96.3
85.77155	78.55	95.5
87.2091	78.8	94.8
88.67075	79.03	94
90.15689	79.26	93.3
91.66795	79.49	92.5
93.20432	79.72	91.7
94.76645	79.91	91
96.35476	80.08	90.2
97.96969	80.23	89.4
99.61168	80.36	88.7
101.2812	80.49	87.9
102.9787	80.63	87
104.70465	80.78	86.3
106.45952	80.95	85.5
108.24381	81.13	84.7
110.058	81.32	83.9
111.9026	81.51	83.1
113.77812	81.68	82.3
115.68507	81.83	81.5
117.62398	81.96	80.7
119.59538	82.05	79.9
121.59983	82.12	79.1
123.63787	82.18	78.3
125.71007	82.23	77.5
127.81701	82.28	76.7
129.95925	82.33	75.9
132.1374	82.37	74.9
134.35205	82.4	74.1
136.60383	82.44	73.3
138.89334	82.5	72.4
141.22123	82.58	71.6
143.58813	82.66	70.7
145.9947	82.75	69.9
148.44161	82.83	69
150.92953	82.89	68.2
153.45914	82.93	67.3
156.03116	82.95	66.4
158.64628	82.95	65.6
161.30523	82.96	64.6
164.00874	82.97	63.7
166.75757	82.99	62.8
169.55247	83.04	61.9
172.39421	83.11	61
175.28358	83.18	60.1
178.22137	83.25	59.2
181.2084	83.31	58.3
184.2455	83.36	57.3
187.3335	83.39	56.4
190.47326	83.4	55.4
193.66564	83.41	54.5
196.91152	83.42	53.5
200.2118	83.45	52.6
203.5674	83.49	51.7
206.97924	83.53	50.8
210.44827	83.55	49.9
213.97543	83.57	49
217.56171	83.58	48.1
221.2081	83.59	47.1
224.9156	83.59	46.3
228.68524	83.58	45.4
232.51806	83.58	44.5
236.41512	83.61	43.6
240.3775	83.65	42.7
244.40628	83.65	41.8
248.50259	83.62	41
252.66756	83.57	40
256.90233	83.58	39.1
261.20807	83.59	38.3
265.58598	83.61	37.5
270.03727	83.62	36.7
274.56316	83.62	35.8
279.16491	83.6	34.8
283.84378	83.57	34
288.60107	83.55	33.2
293.43809	83.62	32.3
298.35619	83.72	31.5
303.35671	83.71	30.6
308.44104	83.66	29.7
313.61059	83.65	28.9
318.86678	83.65	28.1
324.21107	83.65	27.3
329.64492	83.63	26.6
335.16985	83.6	25.8
340.78738	83.56	25
346.49906	83.53	24.4
352.30647	83.52	23.7
358.21121	83.5	23.1
364.21492	83.48	22.5
370.31925	83.45	21.9
376.5259	83.41	21.4
382.83656	83.38	20.9
389.253	83.35	20.4
395.77697	83.32	19.9
402.41029	83.29	19.5
409.15479	83.27	19.2
416.01232	83.24	18.9
422.98479	83.2	18.6
430.07412	83.17	18.2
437.28226	83.14	18
444.61122	83.12	17.8
452.06302	83.12	17.7
459.6397	83.11	17.5
467.34338	83.11	17.4
475.17617	83.09	17.3
483.14023	83.06	17.2
491.23778	83.04	17.2
499.47105	83.03	17.2
507.84231	83.03	17.1
516.35387	83.05	17
525.00808	83.07	16.9
533.80735	83.09	16.8
542.75409	83.12	16.5
551.85078	83.15	16.3
561.09994	83.18	16.1
570.50411	83.2	15.7
580.0659	83.22	15.4
589.78794	83.23	15
599.67293	83.23	14.6
609.7236	83.22	14.2
619.94272	83.21	13.8
630.33311	83.17	13.3
640.89765	83.13	12.9
651.63925	83.06	12.8
662.56088	82.99	12.6
673.66556	82.91	12.6
684.95636	82.85	12.5
696.4364	82.79	12.5
708.10884	82.72	12.4
719.97692	82.66	12.5
732.04391	82.6	12.6
744.31315	82.53	12.7
756.78802	82.48	13
769.47197	82.45	13.4
782.36851	82.43	13.8
795.4812	82.44	14.3
808.81366	82.46	14.8
822.36957	82.51	15.3
836.15269	82.58	15.7
850.16681	82.67	15.9
864.41582	82.78	16.1
878.90364	82.89	16.1
893.63428	83	15.9
908.61181	83.1	15.5
923.84036	83.19	15
939.32415	83.27	14.4
955.06746	83.32	13.6
971.07462	83.34	12.8
987.35007	83.34	12
1003.8983	83.32	11.3
1020.7239	83.27	10.7
1037.8315	83.2	10.2
1055.2258	83.11	9.8
1072.9116	83.02	9.7
1090.8939	82.94	9.8
1109.1775	82.88	10
1127.7676	82.83	10.5
1146.6693	82.82	10.9
1165.8877	82.84	11.5
1185.4283	82.88	11.9
1205.2964	82.96	12.2
1225.4974	83.05	12.4
1246.0371	83.14	12.4
1266.9209	83.23	12.2
1288.1549	83.3	11.9
1309.7446	83.36	11.6
1331.6963	83.4	11.2
1354.0158	83.43	10.8
1376.7095	83.45	10.5
1399.7835	83.46	10.3
1423.2442	83.46	10.1
1447.0981	83.47	10.1
1471.3518	83.49	10.2
1496.012	83.51	10.3
1521.0856	83.55	10.6
1546.5793	83.61	10.9
1572.5004	83.71	11.4
1598.8559	83.85	11.9
1625.6531	84.06	12.3
1652.8994	84.33	12.5
1680.6024	84.66	12.3
1708.7697	85.04	11.4
1737.4091	85.43	9.7
1766.5285	85.78	7.2
1796.136	86.07	3.9
1826.2397	86.25	-0.2
1856.8479	86.28	-4.7
1887.9691	86.15	-9.5
1919.612	85.82	-14.2
1951.7851	85.3	-18.4
1984.4975	84.6	-21.7
2017.7582	83.77	-23.6
2051.5763	82.89	-23.8
2085.9612	82.09	-22.2
2120.9224	81.47	-19.4
2156.4696	81.06	-16
2192.6126	80.82	-12.8
2229.3613	80.69	-10
2266.7259	80.59	-7.4
2304.7168	80.56	-4.6
2343.3444	80.62	-1.8
2382.6195	80.82	0.7
2422.5528	81.1	2.4
2463.1553	81.39	3.2
2504.4384	81.62	3.5
2546.4134	81.78	3.6
2589.0919	81.93	4
2632.4858	82.13	4.4
2676.6069	82.39	4.3
2721.4674	82.66	3.4
2767.0799	82.82	1.7
2813.4568	82.82	-0.2
2860.6111	82.68	-1.4
2908.5556	82.48	-1.7
2957.3037	82.37	-1
3006.8689	82.39	0
3057.2647	82.53	0.4
3108.5052	82.69	0
3160.6045	82.78	-0.8
3213.577	82.79	-1.7
3267.4374	82.75	-2.2
3322.2004	82.72	-2.4
3377.8813	82.71	-2.5
3434.4954	82.71	-2.6
3492.0584	82.69	-2.5
3550.5862	82.7	-2.1
3610.0949	82.82	-1.5
3670.6009	83.03	-1.4
3732.1211	83.23	-2.3
3794.6724	83.3	-3.4
3858.272	83.32	-4.1
3922.9376	83.39	-4.3
3988.687	83.56	-4.9
4055.5384	83.72	-6.3
4123.5102	83.76	-8
4192.6212	83.71	-9.4
4262.8906	83.67	-10
4334.3377	83.72	-10.6
4406.9822	83.84	-11.6
4480.8443	83.95	-13.1
4555.9444	84.04	-15
4632.3031	84.05	-17.6
4709.9417	83.89	-20.4
4788.8814	83.57	-22.3
4869.1443	83.25	-22.8
4950.7523	83.06	-22.5
5033.7281	83.06	-22.2
5118.0947	83.19	-22.6
5203.8752	83.39	-24.3
5291.0934	83.52	-27.6
5379.7734	83.42	-32.1
5469.9397	83.05	-36.9
5561.6173	82.33	-41.6
5654.8313	81.16	-44.8
5749.6077	79.61	-44
5845.9725	78.2	-36.6
5943.9525	77.74	-24.9
6043.5746	78.38	-14.9
6144.8664	79.49	-10.1
6247.8558	80.47	-9.3
6352.5714	81.22	-9.5
6459.0421	82.01	-9.9
6567.2972	82.96	-12.3
6677.3667	83.8	-17.6
6789.281	84.28	-25.2
6903.071	84.22	-33.8
7018.7682	83.57	-40.8
7136.4045	82.7	-44
7256.0123	82.14	-44.5
7377.6249	81.84	-46
7501.2757	81.31	-48.2
7626.9989	80.59	-47.8
7754.8293	80.2	-44.7
7884.8021	80.34	-41.7
8016.9533	80.76	-41.1
8151.3194	81.15	-43.3
8287.9375	81.23	-47
8426.8454	81.04	-50
8568.0814	80.85	-52.3
8711.6845	80.6	-55.1
8857.6945	80.13	-57.2
9006.1516	79.67	-57
9157.0969	79.55	-56
9310.5721	79.68	-56.3
9466.6196	79.73	-58.6
9625.2825	79.48	-60.7
9786.6046	79.27	-60.7
9950.6305	79.48	-61.2
10117.405	79.72	-65.3
10286.976	79.44	-71
10459.388	78.75	-74.8
10634.69	77.96	-76.5
10812.93	77.1	-75.6
10994.157	76.4	-70.1
11178.422	76.71	-61.7
11365.775	78.29	-57
11556.268	80.27	-61.2
11749.954	81.61	-73.7
11946.886	81.66	-89.2
12147.119	80.68	-99.8
12350.708	79.9	-104.3
12557.708	79.76	-109.3
12768.179	79.57	-117
12982.177	79.1	-125.9
13199.761	78.46	-136.1
13420.992	77.14	-147.9
13645.931	74.86	-157.2
13874.641	72.46	-159.8
14107.183	70.97	-153.4
14343.623	71.01	-144.7
14584.025	71.83	-148.7
14828.457	71.54	-167.1
15076.986	68.87	173.8
15329.68	63.96	175.2
15586.609	60.75	-152.5
15847.844	62.86	-120.8
16113.458	66.51	-125.5
16383.524	66.72	-152.5
16658.115	64.48	-177.7
16937.31	61.89	145.3
17221.183	60.04	76.2
17509.814	61.3	-6.7
17803.283	64.8	-67.9
18101.67	67.13	-104.5
18405.059	67.78	-128.4
18713.532	67.99	-145.7
19027.176	68.11	-163.4
19346.076	67.66	178.4
