19.86599	68.54	133.5
20.19895	67.87	134
20.53749	67.57	135.8
20.8817	67.63	140.5
21.23169	67.92	147.9
21.58753	68.29	155.4
21.94935	68.63	160.4
22.31722	68.92	162.6
22.69126	69.18	163.4
23.07158	69.42	163.6
23.45826	69.67	163
23.85143	69.91	161.1
24.25118	70.16	158.1
24.65764	70.39	155.5
25.07091	70.6	154.4
25.4911	70.79	154.6
25.91834	70.96	155.3
26.35274	71.11	155.4
26.79441	71.25	154.2
27.2435	71.35	152.2
27.7001	71.4	150.6
28.16436	71.34	150
28.63641	71.22	150.1
29.11636	71.17	150.7
29.60436	71.37	151.7
30.10053	71.85	152.9
30.60502	72.36	153.6
31.11797	72.71	153.3
31.63952	72.96	152
32.1698	73.22	150.8
32.70898	73.57	150.2
33.25719	73.95	149.8
33.81459	74.26	148.9
34.38133	74.48	147.6
34.95757	74.66	146.3
35.54346	74.86	145.6
36.13918	75.11	145.4
36.74488	75.44	145.4
37.36074	75.87	145.2
37.98691	76.32	144.8
38.62358	76.72	143.6
39.27092	77.11	141.8
39.92911	77.57	139.7
40.59833	78.07	137.4
41.27877	78.51	134.5
41.97061	78.84	130.9
42.67405	79.08	127
43.38928	79.24	123.3
44.11649	79.34	119.6
44.8559	79.39	116.1
45.60769	79.38	112.9
46.37209	79.32	109.8
47.1493	79.18	106.6
47.93953	78.95	103.8
48.74301	78.64	102.2
49.55995	78.36	101.6
50.39059	78.26	101.4
51.23515	78.27	100.8
52.09386	78.24	99.6
52.96697	78.11	98.1
53.85471	77.88	97
54.75733	77.58	96.6
55.67507	77.28	97.2
56.6082	77.09	99.3
57.55697	77.09	102.2
58.52164	77.28	104.7
59.50247	77.62	106.4
60.49975	78.05	107.1
61.51374	78.49	107.1
62.54472	78.9	106.4
63.59299	79.22	105.5
64.65882	79.48	104.5
65.74252	79.72	103.5
66.84438	79.97	102.6
67.96471	80.2	101.7
69.10382	80.45	100.9
70.26201	80.73	100
71.43962	81.02	98.8
72.63697	81.31	97.3
73.85438	81.56	95.6
75.0922	81.77	93.8
76.35076	81.98	92
77.63042	82.18	90.2
78.93152	82.37	88
80.25443	82.54	85.9
81.59952	82.68	83.5
82.96715	82.77	80.7
84.3577	82.73	77.8
85.77155	82.57	75.5
87.2091	82.37	74.1
88.67075	82.21	73.3
90.15689	82.12	73
91.66795	82.1	72.8
93.20432	82.15	72.4
94.76645	82.23	71.4
96.35476	82.24	69.8
97.96969	82.09	68
99.61168	81.74	67
101.2812	81.29	67.9
102.9787	80.95	71.2
104.70465	80.97	76
106.45952	81.47	80.8
108.24381	82.34	83.9
110.058	83.35	84.4
111.9026	84.26	82
113.77812	84.89	77.6
115.68507	85.18	72.7
117.62398	85.23	68.5
119.59538	85.19	65.6
121.59983	85.17	63.4
123.63787	85.18	61.4
125.71007	85.19	59.5
127.81701	85.18	57.6
129.95925	85.14	56
132.1374	85.07	54.5
134.35205	85	53.5
136.60383	84.95	52.8
138.89334	84.95	52.4
141.22123	84.99	51.9
143.58813	85.04	51.3
145.9947	85.13	50.8
148.44161	85.26	50.4
150.92953	85.47	49.7
153.45914	85.72	48.6
156.03116	85.98	46.6
158.64628	86.17	43.8
161.30523	86.21	40.4
164.00874	86.07	37
166.75757	85.75	34.3
169.55247	85.34	32.9
172.39421	84.92	32.8
175.28358	84.61	34
178.22137	84.47	35.8
181.2084	84.53	37.5
184.2455	84.71	38.7
187.3335	84.96	39.1
190.47326	85.21	38.8
193.66564	85.46	38.1
196.91152	85.66	36.9
200.2118	85.79	35.6
203.5674	85.87	34.3
206.97924	85.92	33.3
210.44827	85.98	32.5
213.97543	86.08	31.7
217.56171	86.21	31
221.2081	86.4	30.1
224.9156	86.59	28.6
228.68524	86.76	26.6
232.51806	86.85	24.2
236.41512	86.84	21.7
240.3775	86.73	19.6
244.40628	86.59	18
248.50259	86.46	17
252.66756	86.41	16.2
256.90233	86.43	15.2
261.20807	86.45	13.7
265.58598	86.44	11.8
270.03727	86.34	9.7
274.56316	86.15	7.7
279.16491	85.88	6.1
283.84378	85.55	5.2
288.60107	85.22	5.1
293.43809	84.93	5.7
298.35619	84.75	6.9
303.35671	84.71	8.2
308.44104	84.8	9.2
313.61059	84.98	9.7
318.86678	85.2	9.4
324.21107	85.4	7.9
329.64492	85.48	5.8
335.16985	85.39	3.6
340.78738	85.18	2.1
346.49906	84.93	1.3
352.30647	84.73	1.2
358.21121	84.6	1.4
364.21492	84.53	1.4
370.31925	84.48	1.1
376.5259	84.42	0.6
382.83656	84.31	0.2
389.253	84.18	-0.1
395.77697	84.07	-0.1
402.41029	83.96	-0.1
409.15479	83.84	-0.2
416.01232	83.65	-0.2
422.98479	83.43	0.8
430.07412	83.28	2.8
437.28226	83.32	5.2
444.61122	83.58	7.6
452.06302	84.05	8.9
459.6397	84.57	8.4
467.34338	84.98	6.3
475.17617	85.18	3.4
483.14023	85.22	0.1
491.23778	85.13	-2.5
499.47105	84.97	-4.8
507.84231	84.75	-6.9
516.35387	84.42	-8.6
525.00808	83.99	-9.6
533.80735	83.5	-9.3
542.75409	83.11	-7.6
551.85078	82.93	-5.5
561.09994	82.92	-3.7
570.50411	82.95	-2.4
580.0659	83	-1.2
589.78794	83.16	0
599.67293	83.45	0.3
609.7236	83.73	-0.9
619.94272	83.83	-3.3
630.33311	83.68	-5.9
640.89765	83.35	-7.4
651.63925	82.95	-7.5
662.56088	82.62	-6.2
673.66556	82.47	-3.9
684.95636	82.56	-1.7
696.4364	82.79	-0.4
708.10884	83.05	0.1
719.97692	83.32	0
732.04391	83.6	-0.6
744.31315	83.88	-2.1
756.78802	84.08	-4.7
769.47197	84.07	-8
782.36851	83.83	-10.7
795.4812	83.49	-12.4
808.81366	83.09	-13.2
822.36957	82.65	-12.9
836.15269	82.3	-10.8
850.16681	82.26	-7.9
864.41582	82.55	-5.9
878.90364	82.98	-6
893.63428	83.25	-8.3
908.61181	83.23	-11.1
923.84036	83.04	-13.4
939.32415	82.71	-15.1
955.06746	82.26	-15.5
971.07462	81.89	-14
987.35007	81.75	-12.1
1003.8983	81.83	-10.6
1020.7239	82	-10.4
1037.8315	82.1	-11.5
1055.2258	82.02	-13.1
1072.9116	81.76	-14.4
1090.8939	81.43	-14.6
1109.1775	81.06	-14.2
1127.7676	80.69	-12.6
1146.6693	80.44	-10
1165.8877	80.38	-7
1185.4283	80.51	-4.1
1205.2964	80.8	-2.1
1225.4974	81.13	-1.5
1246.0371	81.36	-1.9
1266.9209	81.43	-2.1
1288.1549	81.52	-1.7
1309.7446	81.73	-1.3
1331.6963	82	-1.8
1354.0158	82.2	-3.5
1376.7095	82.17	-6
1399.7835	81.84	-7.4
1423.2442	81.46	-6.4
1447.0981	81.39	-4
1471.3518	81.58	-2.1
1496.012	81.87	-1.6
1521.0856	82.12	-1.9
1546.5793	82.28	-2.7
1572.5004	82.39	-3.3
1598.8559	82.55	-3.8
1625.6531	82.78	-4.8
1652.8994	82.94	-6.9
1680.6024	82.91	-9.4
1708.7697	82.7	-11.4
1737.4091	82.39	-11.8
1766.5285	82.22	-10.7
1796.136	82.33	-9.4
1826.2397	82.61	-9.4
1856.8479	82.85	-10.9
1887.9691	82.98	-13
1919.612	83	-15.5
1951.7851	82.87	-18.1
1984.4975	82.55	-20
2017.7582	82.2	-20.5
2051.5763	81.92	-20
2085.9612	81.81	-18.9
2120.9224	81.9	-18.3
2156.4696	82.02	-19.1
2192.6126	81.98	-20.5
2229.3613	81.86	-21.2
2266.7259	81.79	-21.7
2304.7168	81.71	-22.5
2343.3444	81.58	-23
2382.6195	81.51	-22.9
2422.5528	81.56	-23.2
2463.1553	81.59	-24.3
2504.4384	81.54	-25.6
2546.4134	81.49	-26.9
2589.0919	81.41	-28.5
2632.4858	81.25	-30.2
2676.6069	81.04	-31.5
2721.4674	80.84	-32.7
2767.0799	80.64	-33.9
2813.4568	80.4	-35.2
2860.6111	80.14	-36.6
2908.5556	79.82	-38
2957.3037	79.39	-39.2
3006.8689	78.87	-39.5
3057.2647	78.39	-38.9
3108.5052	77.97	-37.9
3160.6045	77.59	-36.7
3213.577	77.23	-35.3
3267.4374	76.87	-33.6
3322.2004	76.54	-31.2
3377.8813	76.33	-28.3
3434.4954	76.24	-25.1
3492.0584	76.35	-21.9
3550.5862	76.64	-19.8
3610.0949	76.94	-19.1
3670.6009	77.15	-19.4
3732.1211	77.21	-19.9
3794.6724	77.19	-20
3858.272	77.18	-19.5
3922.9376	77.24	-18.6
3988.687	77.41	-17.7
4055.5384	77.7	-16.9
4123.5102	78.12	-17
4192.6212	78.57	-18.3
4262.8906	78.97	-20.6
4334.3377	79.34	-23.6
4406.9822	79.74	-27.3
4480.8443	80.18	-32.6
4555.9444	80.55	-40.8
4632.3031	80.54	-52.2
4709.9417	79.85	-65.1
4788.8814	78.36	-76.4
4869.1443	76.06	-81.9
4950.7523	73.29	-77.8
5033.7281	71.11	-64.5
5118.0947	70.8	-52.2
5203.8752	71.51	-50.2
5291.0934	71.71	-57.2
5379.7734	70.67	-66.3
5469.9397	68.35	-68.8
5561.6173	65.31	-57.7
5654.8313	63.17	-35.7
5749.6077	62.97	-16.1
5845.9725	63.84	-2.7
5943.9525	65	6.1
6043.5746	66.08	10.7
6144.8664	66.8	12.6
6247.8558	67.2	14.9
6352.5714	67.66	18.3
6459.0421	68.24	20.9
6567.2972	68.71	22.7
6677.3667	69.12	24.9
6789.281	69.64	28.4
6903.071	70.64	32.3
7018.7682	71.94	32.2
7136.4045	72.86	27.4
7256.0123	73	20.7
7377.6249	72.45	18.9
7501.2757	72.53	22.3
7626.9989	73.16	22.2
7754.8293	73.44	20.4
7884.8021	73.81	19.5
8016.9533	74.23	17.8
8151.3194	74.76	15.6
8287.9375	75.29	11
8426.8454	75.42	5.1
8568.0814	75.25	-0.3
8711.6845	74.86	-4
8857.6945	74.45	-6.4
9006.1516	74.07	-7.1
9157.0969	74	-7.8
9310.5721	73.94	-8.9
9466.6196	74.24	-8.6
9625.2825	75.02	-12.1
9786.6046	75.3	-21
9950.6305	74.75	-29.3
10117.405	73.88	-33.7
10286.976	73.23	-35.6
10459.388	72.97	-37.5
10634.69	72.94	-41.4
10812.93	72.85	-47.8
10994.157	72.4	-55.9
11178.422	71.49	-63.7
11365.775	70.29	-69.6
11556.268	69.01	-73.3
11749.954	67.78	-75.9
11946.886	66.54	-78.3
12147.119	65.3	-80.3
12350.708	63.97	-82.5
12557.708	62.5	-82.7
12768.179	60.79	-80.1
12982.177	59.13	-71.2
13199.761	58.48	-61.8
13420.992	58.57	-57.6
13645.931	58.7	-58.8
13874.641	58.38	-61.4
14107.183	57.6	-63.9
14343.623	56.35	-63.7
14584.025	55.38	-61.8
14828.457	54.99	-60.8
15076.986	54.77	-64.5
15329.68	53.92	-67.3
15586.609	52.97	-65.9
15847.844	52.18	-62.5
16113.458	51.67	-61.6
16383.524	51.48	-66.2
16658.115	51.12	-73.1
16937.31	50.64	-76.5
17221.183	50.43	-79.9
17509.814	50.52	-86.7
17803.283	50.42	-103
18101.67	48.91	-119.2
18405.059	47.33	-125.2
18713.532	46.36	-127.1
19027.176	44.95	-132.9
19346.076	43.68	-140.7
19670.321	42.05	-139.3
20000	41.32	-136
