19.86599	68.54	133.6
20.19895	67.87	134.1
20.53749	67.57	135.9
20.8817	67.63	140.6
21.23169	67.92	148
21.58753	68.29	155.5
21.94935	68.63	160.5
22.31722	68.92	162.7
22.69126	69.18	163.5
23.07158	69.42	163.7
23.45826	69.67	163.1
23.85143	69.91	161.2
24.25118	70.16	158.2
24.65764	70.39	155.6
25.07091	70.6	154.5
25.4911	70.79	154.7
25.91834	70.96	155.4
26.35274	71.11	155.5
26.79441	71.25	154.3
27.2435	71.35	152.3
27.7001	71.4	150.7
28.16436	71.34	150.1
28.63641	71.22	150.2
29.11636	71.17	150.8
29.60436	71.37	151.8
30.10053	71.85	153
30.60502	72.36	153.7
31.11797	72.71	153.4
31.63952	72.96	152.1
32.1698	73.22	150.9
32.70898	73.57	150.3
33.25719	73.95	149.9
33.81459	74.26	149.1
34.38133	74.48	147.8
34.95757	74.66	146.5
35.54346	74.86	145.8
36.13918	75.11	145.6
36.74488	75.44	145.6
37.36074	75.87	145.4
37.98691	76.32	145
38.62358	76.72	143.8
39.27092	77.11	142
39.92911	77.57	139.9
40.59833	78.07	137.6
41.27877	78.51	134.7
41.97061	78.84	131.1
42.67405	79.08	127.2
43.38928	79.24	123.5
44.11649	79.34	119.8
44.8559	79.39	116.3
45.60769	79.38	113.1
46.37209	79.32	110
47.1493	79.18	106.8
47.93953	78.95	104
48.74301	78.64	102.4
49.55995	78.36	101.8
50.39059	78.26	101.6
51.23515	78.27	101
52.09386	78.24	99.8
52.96697	78.11	98.3
53.85471	77.88	97.2
54.75733	77.58	96.8
55.67507	77.28	97.5
56.6082	77.09	99.6
57.55697	77.09	102.5
58.52164	77.28	105
59.50247	77.62	106.7
60.49975	78.05	107.4
61.51374	78.49	107.4
62.54472	78.9	106.7
63.59299	79.22	105.8
64.65882	79.48	104.8
65.74252	79.72	103.8
66.84438	79.97	102.9
67.96471	80.2	102
69.10382	80.45	101.2
70.26201	80.73	100.3
71.43962	81.02	99.1
72.63697	81.31	97.6
73.85438	81.56	95.9
75.0922	81.77	94.1
76.35076	81.98	92.3
77.63042	82.18	90.5
78.93152	82.37	88.4
80.25443	82.54	86.3
81.59952	82.68	83.9
82.96715	82.77	81.1
84.3577	82.73	78.2
85.77155	82.57	75.9
87.2091	82.37	74.5
88.67075	82.21	73.7
90.15689	82.12	73.4
91.66795	82.1	73.2
93.20432	82.15	72.8
94.76645	82.23	71.8
96.35476	82.24	70.2
97.96969	82.09	68.4
99.61168	81.74	67.4
101.2812	81.29	68.4
102.9787	80.95	71.7
104.70465	80.97	76.5
106.45952	81.47	81.3
108.24381	82.34	84.4
110.058	83.35	84.9
111.9026	84.26	82.5
113.77812	84.89	78.1
115.68507	85.18	73.2
117.62398	85.23	69
119.59538	85.19	66.1
121.59983	85.17	63.9
123.63787	85.18	62
125.71007	85.19	60.1
127.81701	85.18	58.2
129.95925	85.14	56.6
132.1374	85.07	55.1
134.35205	85	54.1
136.60383	84.95	53.4
138.89334	84.95	53
141.22123	84.99	52.5
143.58813	85.04	51.9
145.9947	85.13	51.5
148.44161	85.26	51.1
150.92953	85.47	50.4
153.45914	85.72	49.3
156.03116	85.98	47.3
158.64628	86.17	44.5
161.30523	86.21	41.1
164.00874	86.07	37.7
166.75757	85.75	35.1
169.55247	85.34	33.7
172.39421	84.92	33.6
175.28358	84.61	34.8
178.22137	84.47	36.6
181.2084	84.53	38.3
184.2455	84.71	39.5
187.3335	84.96	39.9
190.47326	85.21	39.7
193.66564	85.46	39
196.91152	85.66	37.8
200.2118	85.79	36.5
203.5674	85.87	35.2
206.97924	85.92	34.2
210.44827	85.98	33.4
213.97543	86.08	32.7
217.56171	86.21	32
221.2081	86.4	31.1
224.9156	86.59	29.6
228.68524	86.76	27.6
232.51806	86.85	25.2
236.41512	86.84	22.8
240.3775	86.73	20.7
244.40628	86.59	19.1
248.50259	86.46	18.1
252.66756	86.41	17.3
256.90233	86.43	16.4
261.20807	86.45	14.9
265.58598	86.44	13
270.03727	86.34	10.9
274.56316	86.15	8.9
279.16491	85.88	7.4
283.84378	85.55	6.5
288.60107	85.22	6.4
293.43809	84.93	7
298.35619	84.75	8.2
303.35671	84.71	9.6
308.44104	84.8	10.6
313.61059	84.98	11.1
318.86678	85.2	10.8
324.21107	85.4	9.4
329.64492	85.48	7.3
335.16985	85.39	5.1
340.78738	85.18	3.6
346.49906	84.93	2.9
352.30647	84.73	2.8
358.21121	84.6	3
364.21492	84.53	3
370.31925	84.48	2.8
376.5259	84.42	2.3
382.83656	84.31	1.9
389.253	84.18	1.7
395.77697	84.07	1.7
402.41029	83.96	1.7
409.15479	83.84	1.6
416.01232	83.65	1.7
422.98479	83.43	2.7
430.07412	83.28	4.7
437.28226	83.32	7.2
444.61122	83.58	9.6
452.06302	84.05	10.9
459.6397	84.57	10.5
467.34338	84.98	8.4
475.17617	85.18	5.5
483.14023	85.21	2.7
491.23778	85.14	0.4
499.47105	85.02	-1.7
507.84231	84.84	-3.7
516.35387	84.56	-5.1
525.00808	84.25	-5.8
533.80735	83.96	-5.7
542.75409	83.74	-5.2
551.85078	83.59	-4.6
561.09994	83.49	-3.9
570.50411	83.44	-3.2
580.0659	83.42	-2.6
589.78794	83.43	-2.2
599.67293	83.46	-1.8
609.7236	83.53	-1.5
619.94272	83.65	-1.7
630.33311	83.73	-2.6
640.89765	83.71	-3.8
651.63925	83.6	-4.7
662.56088	83.42	-5.2
673.66556	83.22	-5.1
684.95636	83.04	-4.1
696.4364	83.01	-2.5
708.10884	83.17	-1.1
719.97692	83.41	-0.8
732.04391	83.61	-1.3
744.31315	83.76	-2.4
756.78802	83.83	-3.6
769.47197	83.84	-4.9
782.36851	83.77	-6.1
795.4812	83.67	-6.9
808.81366	83.58	-7.3
822.36957	83.52	-7.5
836.15269	83.51	-7.7
850.16681	83.53	-8.2
864.41582	83.55	-9
878.90364	83.53	-10.3
893.63428	83.43	-11.7
908.61181	83.24	-12.9
923.84036	82.99	-13.7
939.32415	82.7	-13.8
955.06746	82.47	-13.1
971.07462	82.35	-12.2
987.35007	82.3	-11.8
1003.8983	82.23	-11.8
1020.7239	82.1	-11.7
1037.8315	81.96	-11.2
1055.2258	81.85	-10.3
1072.9116	81.81	-9.4
1090.8939	81.83	-8.6
1109.1775	81.87	-8.2
1127.7676	81.89	-8.2
1146.6693	81.86	-8.3
1165.8877	81.77	-8.1
1185.4283	81.67	-7.4
1205.2964	81.65	-6.2
1225.4974	81.75	-5
1246.0371	81.93	-4.6
1266.9209	82.08	-4.9
1288.1549	82.16	-5.5
1309.7446	82.16	-5.9
1331.6963	82.16	-6
1354.0158	82.19	-6
1376.7095	82.24	-6.3
1399.7835	82.26	-6.8
1423.2442	82.24	-7.1
1447.0981	82.22	-7.3
1471.3518	82.24	-7.5
1496.012	82.24	-7.9
1521.0856	82.19	-8.4
1546.5793	82.09	-8.6
1572.5004	81.99	-8.3
1598.8559	81.95	-7.6
1625.6531	81.99	-6.8
1652.8994	82.1	-6.2
1680.6024	82.26	-5.9
1708.7697	82.45	-6.2
1737.4091	82.61	-7.1
1766.5285	82.67	-8.3
1796.136	82.66	-9.4
1826.2397	82.62	-10.1
1856.8479	82.59	-10.6
1887.9691	82.59	-11
1919.612	82.58	-11.4
1951.7851	82.58	-11.7
1984.4975	82.59	-11.9
2017.7582	82.65	-12.2
2051.5763	82.73	-12.6
2085.9612	82.84	-13.3
2120.9224	82.93	-14.5
2156.4696	82.96	-16
2192.6126	82.92	-17.5
2229.3613	82.84	-18.6
2266.7259	82.75	-19.6
2304.7168	82.65	-20.4
2343.3444	82.56	-20.9
2382.6195	82.51	-21.3
2422.5528	82.52	-21.6
2463.1553	82.6	-22.3
2504.4384	82.7	-23.5
2546.4134	82.77	-25.3
2589.0919	82.79	-27.6
2632.4858	82.7	-30.3
2676.6069	82.5	-32.9
2721.4674	82.2	-35.3
2767.0799	81.82	-37.2
2813.4568	81.4	-38.4
2860.6111	81	-39
2908.5556	80.64	-39.3
2957.3037	80.3	-39.6
3006.8689	79.95	-39.9
3057.2647	79.56	-39.9
3108.5052	79.14	-39.4
3160.6045	78.74	-38.4
3213.577	78.39	-36.7
3267.4374	78.13	-34.7
3322.2004	77.98	-32.8
3377.8813	77.9	-31.1
3434.4954	77.84	-29.6
3492.0584	77.8	-28.3
3550.5862	77.77	-26.9
3610.0949	77.8	-25.4
3670.6009	77.9	-24.1
3732.1211	78.05	-23.3
3794.6724	78.19	-23
3858.272	78.29	-22.9
3922.9376	78.34	-22.7
3988.687	78.43	-22
4055.5384	78.65	-21.1
4123.5102	79.03	-20.8
4192.6212	79.49	-21.5
4262.8906	79.94	-23.3
4334.3377	80.37	-26
4406.9822	80.82	-29.5
4480.8443	81.33	-34.4
4555.9444	81.79	-42.1
4632.3031	81.92	-52.9
4709.9417	81.43	-66
4788.8814	80.12	-78.1
4869.1443	77.96	-84.5
4950.7523	75.29	-81.5
5033.7281	73.22	-71.4
5118.0947	72.72	-62.6
5203.8752	73.02	-61.2
5291.0934	72.95	-66.9
5379.7734	71.93	-75.2
5469.9397	69.75	-78.5
5561.6173	66.6	-68.7
5654.8313	63.82	-46.2
5749.6077	63.46	-22.9
5845.9725	64.68	-7.3
5943.9525	66.02	1.1
6043.5746	67.07	5.5
6144.8664	67.82	8.3
6247.8558	68.39	10.9
6352.5714	68.87	13.6
6459.0421	69.3	16.4
6567.2972	69.7	19.8
6677.3667	70.21	24.1
6789.281	71.09	29.2
6903.071	72.48	33
7018.7682	74	32.2
7136.4045	75	26.3
7256.0123	75.19	19.4
7377.6249	74.95	16.9
7501.2757	75.12	17.8
7626.9989	75.66	17
7754.8293	76.02	14.3
7884.8021	76.19	11.9
8016.9533	76.31	10.4
8151.3194	76.57	9.6
8287.9375	77.03	7.8
8426.8454	77.38	3.7
8568.0814	77.37	-0.9
8711.6845	77.15	-4.1
8857.6945	76.91	-5.8
9006.1516	76.78	-6.6
9157.0969	76.75	-7.1
9310.5721	76.82	-6.8
9466.6196	77.31	-6.2
9625.2825	78.13	-8.7
9786.6046	78.62	-15.3
9950.6305	78.6	-22.3
10117.405	78.37	-27.7
10286.976	78.19	-32
10459.388	78.09	-36.6
10634.69	77.96	-42.1
10812.93	77.66	-48
10994.157	77.21	-53.4
11178.422	76.73	-58.4
11365.775	76.27	-63.6
11556.268	75.75	-69.6
11749.954	75.09	-76.2
11946.886	74.21	-83
12147.119	73	-89.1
12350.708	71.5	-92.8
12557.708	69.95	-94.7
12768.179	68.37	-95.9
12982.177	66.61	-94.4
13199.761	65	-89.2
13420.992	64	-83.8
13645.931	63.34	-80.5
13874.641	62.51	-77.8
14107.183	61.51	-73.6
14343.623	60.65	-68.2
14584.025	60.15	-63.3
14828.457	59.96	-58.6
15076.986	59.9	-54.2
15329.68	59.87	-50.3
15586.609	60.09	-47.1
15847.844	60.58	-46.2
16113.458	61	-48
16383.524	61.12	-51.7
16658.115	61	-56.1
16937.31	60.82	-60.3
17221.183	60.64	-65.7
17509.814	60.23	-74.1
17803.283	59.21	-83.3
18101.67	57.5	-87.7
18405.059	55.73	-86.2
18713.532	54.49	-86.7
19027.176	53.43	-92.1
19346.076	52.36	-97.2
19670.321	51.22	-100.9
20000	50.57	-102.9
