19.86599	68.54	133.5
20.19895	67.87	134
20.53749	67.57	135.8
20.8817	67.63	140.5
21.23169	67.92	147.9
21.58753	68.29	155.4
21.94935	68.63	160.4
22.31722	68.92	162.6
22.69126	69.18	163.4
23.07158	69.42	163.6
23.45826	69.67	163
23.85143	69.91	161.1
24.25118	70.16	158.1
24.65764	70.39	155.5
25.07091	70.6	154.4
25.4911	70.79	154.6
25.91834	70.96	155.3
26.35274	71.11	155.4
26.79441	71.25	154.2
27.2435	71.35	152.2
27.7001	71.4	150.6
28.16436	71.34	150
28.63641	71.22	150.1
29.11636	71.17	150.7
29.60436	71.37	151.7
30.10053	71.85	152.9
30.60502	72.36	153.6
31.11797	72.71	153.3
31.63952	72.96	152
32.1698	73.22	150.8
32.70898	73.57	150.2
33.25719	73.95	149.8
33.81459	74.26	148.9
34.38133	74.48	147.6
34.95757	74.66	146.3
35.54346	74.86	145.6
36.13918	75.11	145.4
36.74488	75.44	145.4
37.36074	75.87	145.2
37.98691	76.32	144.8
38.62358	76.72	143.6
39.27092	77.11	141.8
39.92911	77.57	139.7
40.59833	78.07	137.4
41.27877	78.51	134.5
41.97061	78.84	130.9
42.67405	79.08	127
43.38928	79.24	123.3
44.11649	79.34	119.6
44.8559	79.39	116.1
45.60769	79.38	112.9
46.37209	79.32	109.8
47.1493	79.18	106.6
47.93953	78.95	103.8
48.74301	78.64	102.2
49.55995	78.36	101.6
50.39059	78.26	101.4
51.23515	78.27	100.8
52.09386	78.24	99.6
52.96697	78.11	98.1
53.85471	77.88	97
54.75733	77.58	96.6
55.67507	77.28	97.2
56.6082	77.09	99.3
57.55697	77.09	102.2
58.52164	77.28	104.7
59.50247	77.62	106.4
60.49975	78.05	107.1
61.51374	78.49	107.1
62.54472	78.9	106.4
63.59299	79.22	105.5
64.65882	79.48	104.5
65.74252	79.72	103.5
66.84438	79.97	102.6
67.96471	80.2	101.7
69.10382	80.45	100.9
70.26201	80.73	100
71.43962	81.02	98.8
72.63697	81.31	97.3
73.85438	81.56	95.6
75.0922	81.77	93.8
76.35076	81.98	92
77.63042	82.18	90.2
78.93152	82.37	88
80.25443	82.54	85.9
81.59952	82.68	83.5
82.96715	82.77	80.7
84.3577	82.73	77.8
85.77155	82.57	75.5
87.2091	82.37	74.1
88.67075	82.21	73.3
90.15689	82.12	73
91.66795	82.1	72.8
93.20432	82.15	72.4
94.76645	82.23	71.4
96.35476	82.24	69.8
97.96969	82.09	68
99.61168	81.74	67
101.2812	81.29	67.9
102.9787	80.95	71.2
104.70465	80.97	76
106.45952	81.47	80.8
108.24381	82.34	83.9
110.058	83.35	84.4
111.9026	84.26	82
113.77812	84.89	77.6
115.68507	85.18	72.7
117.62398	85.23	68.5
119.59538	85.19	65.6
121.59983	85.17	63.4
123.63787	85.18	61.4
125.71007	85.19	59.5
127.81701	85.18	57.6
129.95925	85.14	56
132.1374	85.07	54.5
134.35205	85	53.5
136.60383	84.95	52.8
138.89334	84.95	52.4
141.22123	84.99	51.9
143.58813	85.04	51.3
145.9947	85.13	50.8
148.44161	85.26	50.4
150.92953	85.47	49.7
153.45914	85.72	48.6
156.03116	85.98	46.6
158.64628	86.17	43.8
161.30523	86.21	40.4
164.00874	86.07	37
166.75757	85.75	34.3
169.55247	85.34	32.9
172.39421	84.92	32.8
175.28358	84.61	34
178.22137	84.47	35.8
181.2084	84.53	37.5
184.2455	84.71	38.7
187.3335	84.96	39.1
190.47326	85.21	38.8
193.66564	85.46	38.1
196.91152	85.66	36.9
200.2118	85.79	35.6
203.5674	85.87	34.3
206.97924	85.92	33.3
210.44827	85.98	32.5
213.97543	86.08	31.7
217.56171	86.21	31
221.2081	86.4	30.1
224.9156	86.59	28.6
228.68524	86.76	26.6
232.51806	86.85	24.2
236.41512	86.84	21.7
240.3775	86.73	19.6
244.40628	86.59	18
248.50259	86.46	17
252.66756	86.41	16.2
256.90233	86.43	15.2
261.20807	86.45	13.7
265.58598	86.44	11.8
270.03727	86.34	9.7
274.56316	86.15	7.7
279.16491	85.88	6.1
283.84378	85.55	5.2
288.60107	85.22	5.1
293.43809	84.93	5.7
298.35619	84.75	6.9
303.35671	84.71	8.2
308.44104	84.8	9.2
313.61059	84.97	9.6
318.86678	85.18	9.3
324.21107	85.37	7.9
329.64492	85.45	5.8
335.16985	85.37	3.6
340.78738	85.16	1.9
346.49906	84.9	0.8
352.30647	84.65	0.3
358.21121	84.4	0.2
364.21492	84.16	0.2
370.31925	83.92	0.7
376.5259	83.7	1.5
382.83656	83.53	2.9
389.253	83.44	4.6
395.77697	83.5	6.5
402.41029	83.66	7.8
409.15479	83.87	8.4
416.01232	84.04	8.3
422.98479	84.15	8.1
430.07412	84.23	7.8
437.28226	84.31	7.6
444.61122	84.4	7.7
452.06302	84.58	7.9
459.6397	84.88	7.4
467.34338	85.21	5.5
475.17617	85.41	2.3
483.14023	85.39	-1.7
491.23778	85.13	-5.7
499.47105	84.6	-9.2
507.84231	83.78	-10.7
516.35387	82.84	-8.9
525.00808	82.25	-3.7
533.80735	82.29	1.5
542.75409	82.66	3.9
551.85078	82.91	4.1
561.09994	82.99	3.7
570.50411	83.03	3.9
580.0659	83.12	4
589.78794	83.21	3.7
599.67293	83.22	3.2
609.7236	83.2	3.1
619.94272	83.24	3.3
630.33311	83.33	3.1
640.89765	83.43	2.3
651.63925	83.42	0.9
662.56088	83.24	-0.1
673.66556	83.01	0.1
684.95636	82.9	1.3
696.4364	82.97	2.4
708.10884	83.14	3
719.97692	83.36	2.7
732.04391	83.56	1.4
744.31315	83.63	-0.6
756.78802	83.54	-2.5
769.47197	83.39	-3.9
782.36851	83.23	-5.1
795.4812	83	-6.3
808.81366	82.73	-7.1
822.36957	82.36	-7.6
836.15269	81.87	-6.9
850.16681	81.45	-4.1
864.41582	81.39	0.1
878.90364	81.75	3.3
893.63428	82.25	4.1
908.61181	82.65	3.1
923.84036	82.9	1.1
939.32415	82.98	-1.6
955.06746	82.89	-4.2
971.07462	82.65	-6.3
987.35007	82.28	-7.8
1003.8983	81.85	-7.8
1020.7239	81.54	-6.9
1037.8315	81.37	-6.1
1055.2258	81.22	-5.9
1072.9116	80.96	-5.9
1090.8939	80.58	-5.1
1109.1775	80.17	-2.8
1127.7676	79.96	1.1
1146.6693	80.13	5.2
1165.8877	80.54	7.4
1185.4283	80.92	7.8
1205.2964	81.15	7.3
1225.4974	81.27	6.6
1246.0371	81.3	5.9
1266.9209	81.27	5.5
1288.1549	81.22	5.8
1309.7446	81.26	6.1
1331.6963	81.3	5.7
1354.0158	81.21	5.1
1376.7095	80.99	5.3
1399.7835	80.8	6.9
1423.2442	80.81	9.3
1447.0981	81.06	11.6
1471.3518	81.5	12.5
1496.012	81.88	11.4
1521.0856	82.03	9.5
1546.5793	81.99	8
1572.5004	81.91	7.7
1598.8559	81.96	7.9
1625.6531	82.11	7.5
1652.8994	82.22	6.2
1680.6024	82.21	4.6
1708.7697	82.08	3.4
1737.4091	81.9	3
1766.5285	81.81	3.3
1796.136	81.81	3.7
1826.2397	81.9	3.8
1856.8479	82.03	3.2
1887.9691	82.14	2
1919.612	82.19	0.3
1951.7851	82.16	-1.8
1984.4975	81.96	-4
2017.7582	81.62	-5.3
2051.5763	81.29	-5.6
2085.9612	81.01	-5.2
2120.9224	80.86	-4.5
2156.4696	80.79	-4.3
2192.6126	80.69	-4.4
2229.3613	80.58	-4.2
2266.7259	80.57	-4.1
2304.7168	80.57	-4.8
2343.3444	80.47	-5.9
2382.6195	80.29	-6.8
2422.5528	80.1	-7.2
2463.1553	79.95	-7.5
2504.4384	79.86	-8
2546.4134	79.76	-9.2
2589.0919	79.55	-11
2632.4858	79.18	-12.3
2676.6069	78.79	-12.6
2721.4674	78.44	-12.5
2767.0799	78.17	-12.4
2813.4568	77.92	-12.6
2860.6111	77.63	-13.1
2908.5556	77.26	-13.4
2957.3037	76.87	-13.2
3006.8689	76.51	-12.5
3057.2647	76.23	-11.8
3108.5052	75.99	-11.8
3160.6045	75.65	-12.6
3213.577	75.08	-13.1
3267.4374	74.31	-12.1
3322.2004	73.54	-8.9
3377.8813	73.01	-3.8
3434.4954	72.87	1.4
3492.0584	72.98	5
3550.5862	73.12	7.1
3610.0949	73.17	8.2
3670.6009	73.11	9.2
3732.1211	73.01	10.8
3794.6724	72.99	12.4
3858.272	73	13.6
3922.9376	72.95	14.9
3988.687	72.98	17
4055.5384	73.26	19.1
4123.5102	73.75	19.5
4192.6212	74.14	17.7
4262.8906	74.3	15.1
4334.3377	74.37	13.3
4406.9822	74.69	11.6
4480.8443	75.26	7.4
4555.9444	75.73	-1.3
4632.3031	75.71	-14.1
4709.9417	74.91	-28.9
4788.8814	73.21	-42.4
4869.1443	70.56	-49.8
4950.7523	67.17	-46.1
5033.7281	63.95	-29.5
5118.0947	62.44	-12.1
5203.8752	62.51	-4.2
5291.0934	62.65	-5.7
5379.7734	61.71	-11.7
5469.9397	59.31	-11.8
5561.6173	56	8.2
5654.8313	54.61	41.1
5749.6077	55.73	60.3
5845.9725	57.05	69.9
5943.9525	58.41	76.1
6043.5746	59.71	77.9
6144.8664	60.53	76.2
6247.8558	60.93	74.4
6352.5714	61.24	74.1
6459.0421	61.73	74.7
6567.2972	62.6	74.1
6677.3667	63.42	69
6789.281	63.55	61.2
6903.071	63.2	55.6
7018.7682	62.99	52
7136.4045	63.29	47.8
7256.0123	64.04	37.1
7377.6249	63.9	18
7501.2757	62.18	1.1
7626.9989	59.85	-5.7
7754.8293	58.01	-8.8
7884.8021	56.77	-11.8
8016.9533	55.86	-17.7
8151.3194	55.13	-22.4
8287.9375	55.25	-30.5
8426.8454	55.5	-41.5
8568.0814	55.97	-55
8711.6845	55.38	-68.5
8857.6945	54.47	-72.9
9006.1516	53.66	-76.6
9157.0969	52.7	-74.1
9310.5721	52.47	-68.3
9466.6196	53.96	-49.7
9625.2825	56.78	-47.3
9786.6046	58.64	-56.9
9950.6305	59.59	-69.4
10117.405	59.58	-79.5
10286.976	59.4	-85.8
10459.388	59.4	-91
10634.69	59.2	-97.9
10812.93	58.59	-102.4
10994.157	57.91	-105.4
11178.422	57.04	-106.5
11365.775	56.38	-105.4
11556.268	55.93	-106.2
11749.954	54.97	-106.2
11946.886	54.12	-100.8
12147.119	53.94	-99.4
12350.708	53.23	-99.4
12557.708	52.9	-99.7
12768.179	51.86	-103.1
12982.177	49.59	-96.1
13199.761	48.4	-84.3
13420.992	48.27	-80.1
13645.931	48.63	-81.9
13874.641	48.29	-87
14107.183	46.97	-88.1
14343.623	45.68	-70.1
14584.025	46.95	-48.6
14828.457	47.67	-51.9
15076.986	47.36	-59.6
15329.68	45.45	-66.7
15586.609	44.21	-66.5
15847.844	44.45	-73.5
16113.458	43.35	-79.2
16383.524	41.94	-93.4
16658.115	41.08	-119
16937.31	42.57	-138.6
17221.183	42.73	177.2
17509.814	40.78	68.1
17803.283	41.06	-55.1
18101.67	42.12	-116.2
18405.059	43.38	-140.1
18713.532	44.62	-160.7
19027.176	45.12	-174.1
19346.076	44.33	174.9
19670.321	43.13	159.6
20000	42.24	155.2
