19.86599	68.54	133.5
20.19895	67.87	134
20.53749	67.57	135.8
20.8817	67.63	140.5
21.23169	67.92	147.9
21.58753	68.29	155.4
21.94935	68.63	160.4
22.31722	68.92	162.6
22.69126	69.18	163.4
23.07158	69.42	163.6
23.45826	69.67	163
23.85143	69.91	161.1
24.25118	70.16	158.1
24.65764	70.39	155.5
25.07091	70.6	154.4
25.4911	70.79	154.6
25.91834	70.96	155.3
26.35274	71.11	155.4
26.79441	71.25	154.2
27.2435	71.35	152.2
27.7001	71.4	150.6
28.16436	71.34	150
28.63641	71.22	150.1
29.11636	71.17	150.7
29.60436	71.37	151.7
30.10053	71.85	152.9
30.60502	72.36	153.6
31.11797	72.71	153.3
31.63952	72.96	152
32.1698	73.22	150.8
32.70898	73.57	150.2
33.25719	73.95	149.8
33.81459	74.26	148.9
34.38133	74.48	147.6
34.95757	74.66	146.3
35.54346	74.86	145.6
36.13918	75.11	145.4
36.74488	75.44	145.4
37.36074	75.87	145.2
37.98691	76.32	144.8
38.62358	76.72	143.6
39.27092	77.11	141.8
39.92911	77.57	139.7
40.59833	78.07	137.4
41.27877	78.51	134.5
41.97061	78.84	130.9
42.67405	79.08	127
43.38928	79.24	123.3
44.11649	79.34	119.6
44.8559	79.39	116.1
45.60769	79.38	112.9
46.37209	79.32	109.8
47.1493	79.18	106.6
47.93953	78.95	103.8
48.74301	78.64	102.2
49.55995	78.36	101.6
50.39059	78.26	101.4
51.23515	78.27	100.8
52.09386	78.24	99.6
52.96697	78.11	98.1
53.85471	77.88	97
54.75733	77.58	96.6
55.67507	77.28	97.2
56.6082	77.09	99.3
57.55697	77.09	102.2
58.52164	77.28	104.7
59.50247	77.62	106.4
60.49975	78.05	107.1
61.51374	78.49	107.1
62.54472	78.9	106.4
63.59299	79.22	105.5
64.65882	79.48	104.5
65.74252	79.72	103.5
66.84438	79.97	102.6
67.96471	80.2	101.7
69.10382	80.45	100.9
70.26201	80.73	100
71.43962	81.02	98.8
72.63697	81.31	97.3
73.85438	81.56	95.6
75.0922	81.77	93.8
76.35076	81.98	92
77.63042	82.18	90.2
78.93152	82.37	88
80.25443	82.54	85.9
81.59952	82.68	83.5
82.96715	82.77	80.7
84.3577	82.73	77.8
85.77155	82.57	75.5
87.2091	82.37	74.1
88.67075	82.21	73.3
90.15689	82.12	73
91.66795	82.1	72.8
93.20432	82.15	72.4
94.76645	82.23	71.4
96.35476	82.24	69.8
97.96969	82.09	68
99.61168	81.74	67
101.2812	81.29	67.9
102.9787	80.95	71.2
104.70465	80.97	76
106.45952	81.47	80.8
108.24381	82.34	83.9
110.058	83.35	84.4
111.9026	84.26	82
113.77812	84.89	77.6
115.68507	85.18	72.7
117.62398	85.23	68.5
119.59538	85.19	65.6
121.59983	85.17	63.4
123.63787	85.18	61.4
125.71007	85.19	59.5
127.81701	85.18	57.6
129.95925	85.14	56
132.1374	85.07	54.5
134.35205	85	53.5
136.60383	84.95	52.8
138.89334	84.95	52.4
141.22123	84.99	51.9
143.58813	85.04	51.3
145.9947	85.13	50.8
148.44161	85.26	50.4
150.92953	85.47	49.7
153.45914	85.72	48.6
156.03116	85.98	46.6
158.64628	86.17	43.8
161.30523	86.21	40.4
164.00874	86.07	37
166.75757	85.75	34.3
169.55247	85.34	32.9
172.39421	84.92	32.8
175.28358	84.61	34
178.22137	84.47	35.8
181.2084	84.53	37.5
184.2455	84.71	38.7
187.3335	84.96	39.1
190.47326	85.21	38.8
193.66564	85.46	38.1
196.91152	85.66	36.9
200.2118	85.79	35.6
203.5674	85.87	34.3
206.97924	85.92	33.3
210.44827	85.98	32.5
213.97543	86.08	31.7
217.56171	86.21	31
221.2081	86.4	30.1
224.9156	86.59	28.6
228.68524	86.76	26.6
232.51806	86.85	24.2
236.41512	86.84	21.7
240.3775	86.73	19.6
244.40628	86.59	18
248.50259	86.46	17
252.66756	86.41	16.2
256.90233	86.43	15.2
261.20807	86.45	13.7
265.58598	86.44	11.8
270.03727	86.34	9.7
274.56316	86.15	7.7
279.16491	85.88	6.1
283.84378	85.55	5.2
288.60107	85.22	5.1
293.43809	84.93	5.7
298.35619	84.75	6.9
303.35671	84.71	8.2
308.44104	84.8	9.2
313.61059	84.98	9.7
318.86678	85.21	9.4
324.21107	85.42	8
329.64492	85.54	5.9
335.16985	85.49	3.6
340.78738	85.31	1.8
346.49906	85.08	0.7
352.30647	84.88	0.1
358.21121	84.71	-0.3
364.21492	84.56	-0.7
370.31925	84.4	-1.2
376.5259	84.23	-1.8
382.83656	83.97	-2.3
389.253	83.62	-2.1
395.77697	83.25	-0.5
402.41029	83.05	2.4
409.15479	83.17	5.5
416.01232	83.48	7.4
422.98479	83.82	8.1
430.07412	84.12	7.9
437.28226	84.36	6.9
444.61122	84.52	5.5
452.06302	84.61	4.1
459.6397	84.67	2.8
467.34338	84.7	1.3
475.17617	84.68	-0.5
483.14023	84.58	-2.4
491.23778	84.38	-4.1
499.47105	84.13	-5.3
507.84231	83.8	-6.3
516.35387	83.36	-6.3
525.00808	82.91	-4.6
533.80735	82.73	-1.3
542.75409	82.9	1.5
551.85078	83.21	2.5
561.09994	83.45	2
570.50411	83.56	1.2
580.0659	83.64	0.8
589.78794	83.78	0.3
599.67293	83.93	-1.1
609.7236	83.96	-3.2
619.94272	83.79	-5.4
630.33311	83.47	-6.3
640.89765	83.21	-5.8
651.63925	83.11	-5.3
662.56088	83.05	-5.4
673.66556	82.93	-5.6
684.95636	82.75	-5.6
696.4364	82.53	-4.9
708.10884	82.33	-3
719.97692	82.37	0.2
732.04391	82.82	2.8
744.31315	83.42	2.8
756.78802	83.89	0.6
769.47197	84.16	-2.7
782.36851	84.19	-6.8
795.4812	83.92	-10.7
808.81366	83.37	-12.9
822.36957	82.78	-12.7
836.15269	82.37	-10.9
850.16681	82.23	-8.7
864.41582	82.29	-7
878.90364	82.44	-6.4
893.63428	82.58	-6.5
908.61181	82.67	-7.3
923.84036	82.67	-8.5
939.32415	82.56	-9.5
955.06746	82.42	-9.9
971.07462	82.34	-10
987.35007	82.31	-10.4
1003.8983	82.23	-11.1
1020.7239	82.08	-12
1037.8315	81.85	-12.6
1055.2258	81.58	-12.7
1072.9116	81.29	-12.3
1090.8939	81.01	-11.3
1109.1775	80.8	-9.7
1127.7676	80.65	-8
1146.6693	80.56	-5.8
1165.8877	80.62	-3.3
1185.4283	80.89	-1.3
1205.2964	81.21	-1
1225.4974	81.36	-1.8
1246.0371	81.34	-2
1266.9209	81.36	-1.5
1288.1549	81.47	-0.9
1309.7446	81.66	-0.9
1331.6963	81.82	-1.7
1354.0158	81.86	-3
1376.7095	81.77	-4
1399.7835	81.57	-4.4
1423.2442	81.38	-3.5
1447.0981	81.39	-1.9
1471.3518	81.57	-0.9
1496.012	81.76	-1.1
1521.0856	81.86	-1.7
1546.5793	81.88	-2.3
1572.5004	81.88	-2.5
1598.8559	81.9	-2.2
1625.6531	82.03	-2.1
1652.8994	82.2	-2.7
1680.6024	82.26	-3.8
1708.7697	82.23	-4.8
1737.4091	82.17	-5
1766.5285	82.19	-4.7
1796.136	82.37	-4.7
1826.2397	82.57	-5.7
1856.8479	82.67	-7.3
1887.9691	82.75	-9
1919.612	82.76	-11.1
1951.7851	82.67	-13.5
1984.4975	82.4	-15.6
2017.7582	82.04	-16.2
2051.5763	81.76	-15.9
2085.9612	81.63	-15
2120.9224	81.68	-14.2
2156.4696	81.82	-14.7
2192.6126	81.88	-15.9
2229.3613	81.89	-17.5
2266.7259	81.78	-19.6
2304.7168	81.46	-21
2343.3444	81.12	-20.7
2382.6195	81.05	-19.5
2422.5528	81.15	-19.4
2463.1553	81.25	-20.3
2504.4384	81.31	-21.9
2546.4134	81.3	-24
2589.0919	81.16	-26.5
2632.4858	80.9	-28.6
2676.6069	80.61	-30.2
2721.4674	80.32	-31.7
2767.0799	79.99	-33.2
2813.4568	79.6	-34.6
2860.6111	79.14	-35.6
2908.5556	78.62	-35.9
2957.3037	78.12	-35.4
3006.8689	77.7	-34.5
3057.2647	77.34	-33.5
3108.5052	77.04	-32.4
3160.6045	76.79	-31.7
3213.577	76.49	-31.6
3267.4374	76.01	-31.1
3322.2004	75.46	-29.3
3377.8813	75	-25.8
3434.4954	74.81	-21.5
3492.0584	74.91	-17.8
3550.5862	75.14	-15.6
3610.0949	75.34	-14.4
3670.6009	75.51	-13.6
3732.1211	75.68	-13.4
3794.6724	75.8	-13.7
3858.272	75.84	-14.1
3922.9376	75.84	-14.3
3988.687	75.89	-14.1
4055.5384	76.02	-14.3
4123.5102	76.19	-15
4192.6212	76.3	-16.5
4262.8906	76.34	-18.1
4334.3377	76.44	-19.1
4406.9822	76.77	-20.7
4480.8443	77.27	-24.9
4555.9444	77.6	-32.7
4632.3031	77.5	-43.3
4709.9417	76.79	-55.3
4788.8814	75.3	-66.2
4869.1443	72.93	-71.1
4950.7523	69.98	-64.9
5033.7281	67.95	-48.7
5118.0947	67.92	-37.2
5203.8752	68.55	-36.5
5291.0934	68.56	-42.9
5379.7734	67.48	-50.9
5469.9397	65.16	-53
5561.6173	61.97	-38.9
5654.8313	60.13	-11.2
5749.6077	60.77	9.8
5845.9725	62.37	20.4
5943.9525	63.72	23.3
6043.5746	64.39	22.6
6144.8664	64.52	22.6
6247.8558	64.56	25.4
6352.5714	64.84	29.6
6459.0421	65.45	33.8
6567.2972	66.31	35.9
6677.3667	67.04	35.3
6789.281	67.55	33.6
6903.071	67.95	31.8
7018.7682	68.42	29.8
7136.4045	68.94	25.2
7256.0123	68.93	17.7
7377.6249	68.08	12.3
7501.2757	66.99	12.2
7626.9989	66.25	14.9
7754.8293	65.89	18.6
7884.8021	65.99	22
8016.9533	66.54	23.6
8151.3194	67.27	21.7
8287.9375	67.73	16.7
8426.8454	67.88	10.6
8568.0814	67.64	4.5
8711.6845	67.2	0
8857.6945	66.72	-4
9006.1516	66.29	-7
9157.0969	66.15	-11.4
9310.5721	65.93	-18
9466.6196	65.72	-24.8
9625.2825	65.73	-34.1
9786.6046	65.46	-48.6
9950.6305	64.14	-64.2
10117.405	62.01	-74.3
10286.976	59.72	-78.6
10459.388	58.04	-78.9
10634.69	57.45	-82.3
10812.93	57.52	-91.5
10994.157	57.65	-108.1
11178.422	57.1	-130.2
11365.775	56.09	-151.3
11556.268	55.23	-152.6
11749.954	54.1	166.8
11946.886	53.27	148.9
12147.119	52.35	130.6
12350.708	50.61	114.3
12557.708	48.39	104.3
12768.179	45.73	93.5
12982.177	43.05	72.6
13199.761	40.2	36.6
13420.992	38.04	-5.1
13645.931	36.51	-28.9
13874.641	39.21	-64.2
14107.183	42.83	-91.6
14343.623	45.39	-102.8
14584.025	46.31	-114.1
14828.457	45.13	-122.9
15076.986	44.76	-122.4
15329.68	45.17	-124.7
15586.609	44.19	-118.5
15847.844	44.09	-105.7
16113.458	44.84	-104
16383.524	46.4	-107
16658.115	47.09	-113.7
16937.31	47.26	-114.2
17221.183	47.82	-116.5
17509.814	48.21	-126.2
17803.283	48.29	-138.4
18101.67	47.7	-150.1
18405.059	45.72	-151.2
18713.532	44.34	-150
19027.176	43.17	-164.9
19346.076	42.49	165.5
19670.321	40.96	127
20000	39.27	105.2
