20.19895	53.79	145.4
20.53749	53.99	145
20.8817	54.19	144.5
21.23169	54.39	144
21.58753	54.59	143.5
21.94935	54.78	143
22.31722	54.96	142.5
22.69126	55.13	142
23.07158	55.3	141.5
23.45826	55.48	140.9
23.85143	55.65	140.4
24.25118	55.85	139.9
24.65764	56.07	139.4
25.07091	56.34	138.8
25.4911	56.67	138.3
25.91834	57.06	137.7
26.35274	57.52	137.2
26.79441	58.03	136.6
27.2435	58.59	136
27.7001	59.18	135.5
28.16436	59.78	134.9
28.63641	60.38	134.3
29.11636	60.98	133.8
29.60436	61.59	133.2
30.10053	62.21	132.6
30.60502	62.84	132.1
31.11797	63.48	131.5
31.63952	64.11	130.9
32.1698	64.74	130.3
32.70898	65.34	129.7
33.25719	65.92	129.1
33.81459	66.45	128.5
34.38133	66.95	127.9
34.95757	67.41	127.3
35.54346	67.84	126.7
36.13918	68.24	126.1
36.74488	68.59	125.5
37.36074	68.9	124.9
37.98691	69.15	124.3
38.62358	69.34	123.7
39.27092	69.5	123.1
39.92911	69.63	122.4
40.59833	69.76	121.8
41.27877	69.89	121.2
41.97061	70.04	120.6
42.67405	70.21	120
43.38928	70.43	119.3
44.11649	70.69	118.7
44.8559	71.01	118.1
45.60769	71.38	117.5
46.37209	71.8	116.8
47.1493	72.25	116.2
47.93953	72.72	115.6
48.74301	73.18	114.9
49.55995	73.63	114.3
50.39059	74.05	113.7
51.23515	74.43	113.1
52.09386	74.77	112.4
52.96697	75.07	111.8
53.85471	75.35	111.2
54.75733	75.61	110.5
55.67507	75.88	109.9
56.6082	76.16	109.3
57.55697	76.43	108.6
58.52164	76.67	108
59.50247	76.85	107.4
60.49975	76.96	106.8
61.51374	76.98	106.1
62.54472	76.93	105.5
63.59299	76.84	104.9
64.65882	76.77	104.2
65.74252	76.78	103.6
66.84438	76.94	103
67.96471	77.26	102.3
69.10382	77.71	101.7
70.26201	78.22	101.1
71.43962	78.74	100.4
72.63697	79.22	99.8
73.85438	79.64	99.1
75.0922	79.96	98.5
76.35076	80.19	97.9
77.63042	80.34	97.3
78.93152	80.42	96.6
80.25443	80.46	96
81.59952	80.49	95.3
82.96715	80.54	94.7
84.3577	80.67	94.1
85.77155	80.9	93.4
87.2091	81.24	92.8
88.67075	81.63	92.2
90.15689	82.02	91.5
91.66795	82.32	90.9
93.20432	82.51	90.2
94.76645	82.59	89.6
96.35476	82.6	88.9
97.96969	82.59	88.3
99.61168	82.61	87.6
101.2812	82.71	87
102.9787	82.89	86.3
104.70465	83.15	85.7
106.45952	83.45	85
108.24381	83.75	84.4
110.058	83.98	83.7
111.9026	84.13	83.1
113.77812	84.19	82.4
115.68507	84.15	81.7
117.62398	84.03	81.1
119.59538	83.9	80.4
121.59983	83.89	79.7
123.63787	84.03	79.1
125.71007	84.29	78.4
127.81701	84.53	77.7
129.95924	84.67	77
132.13741	84.7	76.4
134.35205	84.65	75.7
136.60384	84.64	75
138.89334	84.71	74.3
141.22124	84.85	73.6
143.58813	85.01	72.9
145.99471	85.14	72.2
148.4416	85.24	71.5
150.92953	85.25	70.8
153.45914	85.16	70.1
156.03116	85.04	69.4
158.64629	85.01	68.7
161.30524	85.12	68
164.00874	85.32	67.3
166.75757	85.48	66.6
169.55247	85.52	65.8
172.39421	85.46	65.1
175.28358	85.42	64.4
178.22137	85.46	63.7
181.2084	85.56	63
184.2455	85.64	62.2
187.3335	85.68	61.5
190.47327	85.68	60.8
193.66563	85.63	60
196.91151	85.65	59.3
200.21181	85.78	58.6
203.5674	85.88	57.9
206.97923	85.87	57.1
210.44827	85.8	56.4
213.97543	85.78	55.7
217.56171	85.83	54.9
221.2081	85.9	54.2
224.9156	85.94	53.5
228.68524	85.93	52.8
232.51807	85.93	52.1
236.41512	85.96	51.3
240.3775	86	50.6
244.40628	86	49.9
248.50259	85.97	49.2
252.66756	85.99	48.5
256.90234	86.03	47.9
261.20807	86.04	47.2
265.58597	86.03	46.5
270.03726	86.01	45.9
274.56317	86.02	45.2
279.16492	86.04	44.6
283.84378	86.04	44
288.60107	86.05	43.4
293.43808	86.07	42.8
298.3562	86.07	42.2
303.35672	86.08	41.7
308.44104	86.09	41.1
313.6106	86.11	40.6
318.86679	86.12	40.1
324.21106	86.12	39.6
329.64493	86.12	39.2
335.16986	86.13	38.8
340.78738	86.14	38.4
346.49905	86.16	38
352.30646	86.16	37.6
358.21121	86.16	37.3
364.2149	86.16	37
370.31924	86.16	36.7
376.52591	86.17	36.5
382.83655	86.16	36.3
389.25299	86.16	36.1
395.77698	86.14	35.9
402.41028	86.13	35.7
409.15479	86.12	35.6
416.01233	86.1	35.5
422.9848	86.09	35.4
430.07413	86.07	35.4
437.28226	86.06	35.3
444.61121	86.05	35.3
452.06302	86.04	35.3
459.63971	86.03	35.3
467.34338	86.02	35.3
475.17618	86.02	35.3
483.14023	86.01	35.3
491.23779	86	35.2
499.47104	86.01	35.2
507.84232	86.03	35
516.35388	86.05	34.9
525.00806	86.08	34.7
533.80737	86.12	34.4
542.75409	86.16	34.1
551.85077	86.21	33.6
561.09991	86.26	33.2
570.50409	86.32	32.6
580.06592	86.37	32
589.78796	86.43	31.3
599.67291	86.48	30.6
609.72357	86.51	30.1
619.94275	86.53	29.6
630.33313	86.55	29.1
640.89764	86.56	28.7
651.63922	86.56	28.2
662.56085	86.56	27.8
673.66559	86.55	27.4
684.95636	86.54	27
696.4364	86.52	26.7
708.10883	86.5	26.4
719.97693	86.48	26.2
732.04388	86.46	26
744.31317	86.44	25.9
756.78802	86.42	25.8
769.47198	86.41	25.7
782.36853	86.4	25.7
795.4812	86.41	25.7
808.81366	86.41	25.7
822.36957	86.43	25.7
836.15271	86.45	25.6
850.16681	86.47	25.5
864.41583	86.49	25.4
878.90363	86.5	25.2
893.63428	86.51	25
908.61182	86.52	24.9
923.84033	86.51	24.7
939.32416	86.5	24.5
955.06744	86.48	24.5
971.07465	86.46	24.5
987.3501	86.44	24.6
1003.8983	86.42	24.8
1020.7239	86.42	25.1
1037.8315	86.43	25.4
1055.2258	86.46	25.8
1072.9116	86.52	26.1
1090.8939	86.59	26.4
1109.1775	86.68	26.6
1127.7676	86.77	26.6
1146.6693	86.87	26.5
1165.8877	86.96	26.3
1185.4283	87.04	26
1205.2964	87.1	25.6
1225.4974	87.14	25.2
1246.0371	87.17	24.9
1266.9209	87.19	24.7
1288.1549	87.22	24.6
1309.7446	87.26	24.6
1331.6963	87.32	24.6
1354.0157	87.41	24.6
1376.7095	87.53	24.4
1399.7834	87.67	24
1423.2441	87.8	23.3
1447.0981	87.93	22.3
1471.3518	88.02	20.9
1496.012	88.07	19.4
1521.0856	88.05	17.6
1546.5793	87.95	15.9
1572.5004	87.79	14.3
1598.856	87.55	13
1625.6531	87.26	12.1
1652.8994	86.93	11.9
1680.6024	86.6	12.3
1708.7697	86.31	13.3
1737.4091	86.09	14.8
1766.5284	85.96	16.6
1796.136	85.92	18.3
1826.2397	85.95	19.8
1856.8479	86.01	21
1887.9691	86.08	21.8
1919.6121	86.14	22.4
1951.7852	86.17	23
1984.4976	86.2	23.6
2017.7582	86.22	24.3
2051.5764	86.26	25.1
2085.9612	86.31	25.8
2120.9224	86.36	26.6
2156.4695	86.42	27.4
2192.6125	86.49	28.4
2229.3613	86.6	29.3
2266.7258	86.75	30.3
2304.7168	86.93	30.9
2343.3445	87.1	31.3
2382.6194	87.24	31.5
2422.5527	87.34	31.9
2463.1553	87.44	32.8
2504.4385	87.62	34.2
2546.4133	87.94	35.6
2589.0918	88.4	36.5
2632.4858	88.93	36.2
2676.6069	89.45	34.8
2721.4673	89.88	32.5
2767.0798	90.2	29.6
2813.4568	90.39	26.3
2860.6111	90.43	22.7
2908.5557	90.28	19.4
2957.3037	89.94	16.8
3006.8689	89.49	15.8
3057.2646	89.08	16.7
3108.5051	88.91	19.2
3160.6045	89.11	21.9
3213.5769	89.6	23.1
3267.4375	90.17	22.2
3322.2004	90.63	19.4
3377.8813	90.9	15.6
3434.4954	90.96	11.5
3492.0583	90.87	7.7
3550.5862	90.7	4.4
3610.095	90.48	1
3670.6008	90.18	-2.5
3732.1211	89.69	-6
3794.6724	88.98	-9
3858.272	88.03	-10.4
3922.9375	86.97	-8.9
3988.687	86.08	-4
4055.5383	85.77	3.3
4123.5103	86.08	9.3
4192.6211	86.67	11.9
4262.8906	87.1	11.9
4334.3379	87.28	11.1
4406.9824	87.3	10.6
4480.8442	87.28	10.9
4555.9443	87.34	11.6
4632.3032	87.54	12
4709.9419	87.81	11.4
4788.8813	88.01	9.6
4869.1445	88.04	7.2
4950.7524	87.9	5.1
5033.728	87.69	4
5118.0947	87.52	3.2
5203.875	87.37	2.4
5291.0933	87.17	1.3
5379.7734	86.87	0.2
5469.9399	86.43	-0.3
5561.6172	85.97	0.4
5654.8315	85.59	1.4
5749.6079	85.15	2.4
5845.9727	84.59	5
5943.9526	84.18	9.7
6043.5747	84.14	15.9
6144.8662	84.64	22
6247.856	85.58	24.8
6352.5713	86.43	23.9
6459.042	86.98	21.3
6567.2974	87.29	18.1
6677.3667	87.35	14.4
6789.2808	87.14	10.9
6903.0708	86.62	8.4
7018.7681	85.9	8.8
7136.4043	85.42	12.4
7256.0122	85.43	16.7
7377.625	85.71	20.1
7501.2759	86.21	22.6
7626.999	86.87	23.3
7754.8291	87.54	21.7
7884.8022	87.98	18.3
8016.9531	88.1	14.2
8151.3193	87.95	10.8
8287.9375	87.66	8.3
8426.8457	87.22	6.9
8568.0811	86.79	7.7
8711.6846	86.68	10.2
8857.6943	86.97	11.3
9006.1514	87.27	10.4
9157.0967	87.46	8.4
9310.5723	87.49	5.4
9466.6191	87.19	2.4
9625.2822	86.71	1.6
9786.6045	86.39	2
9950.6309	86.2	2.4
10117.405	86.08	2.6
10286.976	86.01	2.4
10459.388	85.97	2.1
10634.69	85.9	0.8
10812.93	85.59	-0.3
10994.157	85.18	-0.2
11178.422	84.83	1.2
11365.775	84.74	3.3
11556.268	84.82	3.8
11749.954	84.8	3
11946.886	84.49	1.7
12147.119	83.76	2.5
12350.708	83.15	8.4
12557.708	83.37	16.4
12768.179	84.26	20.9
12982.177	85.07	20.7
13199.761	85.41	19.4
13420.992	85.55	19.9
13645.931	85.83	23.3
13874.641	86.81	26.5
14107.183	88.06	25.8
14343.623	89.21	21.6
14584.025	90.02	14.7
14828.457	90.38	7.6
15076.986	90.54	1.4
15329.68	90.69	-3.7
15586.609	91.03	-9.6
15847.844	91.16	-17.5
16113.458	90.94	-25
16383.524	90.67	-32.2
16658.115	90.11	-41.1
16937.311	88.89	-47.7
17221.184	87.69	-48.9
17509.814	87.07	-48
17803.283	86.67	-49.3
18101.67	86.24	-50.1
18405.059	86.1	-50.1
18713.531	86.28	-51.4
19027.176	86.65	-55.1
19346.076	87.07	-62.5
19670.32	87.07	-72.2
