20.19895	53.79	145.4
20.53749	53.99	145
20.8817	54.19	144.5
21.23169	54.39	144
21.58753	54.59	143.5
21.94935	54.78	143
22.31722	54.96	142.5
22.69126	55.13	142
23.07158	55.3	141.5
23.45826	55.48	140.9
23.85143	55.65	140.4
24.25118	55.85	139.9
24.65764	56.07	139.4
25.07091	56.34	138.8
25.4911	56.67	138.3
25.91834	57.06	137.7
26.35274	57.52	137.2
26.79441	58.03	136.6
27.2435	58.59	136
27.7001	59.18	135.5
28.16436	59.78	134.9
28.63641	60.38	134.3
29.11636	60.98	133.8
29.60436	61.59	133.2
30.10053	62.21	132.6
30.60502	62.84	132.1
31.11797	63.48	131.5
31.63952	64.11	130.9
32.1698	64.74	130.3
32.70898	65.34	129.7
33.25719	65.92	129.1
33.81459	66.45	128.5
34.38133	66.95	127.9
34.95757	67.41	127.3
35.54346	67.84	126.7
36.13918	68.24	126.1
36.74488	68.59	125.5
37.36074	68.9	124.9
37.98691	69.15	124.3
38.62358	69.34	123.7
39.27092	69.5	123.1
39.92911	69.63	122.4
40.59833	69.76	121.8
41.27877	69.89	121.2
41.97061	70.04	120.6
42.67405	70.21	120
43.38928	70.43	119.3
44.11649	70.69	118.7
44.8559	71.01	118.1
45.60769	71.38	117.5
46.37209	71.8	116.8
47.1493	72.25	116.2
47.93953	72.72	115.6
48.74301	73.18	114.9
49.55995	73.63	114.3
50.39059	74.05	113.7
51.23515	74.43	113.1
52.09386	74.77	112.4
52.96697	75.07	111.8
53.85471	75.35	111.2
54.75733	75.61	110.5
55.67507	75.88	109.9
56.6082	76.16	109.3
57.55697	76.43	108.6
58.52164	76.67	108
59.50247	76.85	107.4
60.49975	76.96	106.8
61.51374	76.98	106.1
62.54472	76.93	105.5
63.59299	76.84	104.9
64.65882	76.77	104.2
65.74252	76.78	103.6
66.84438	76.94	103
67.96471	77.26	102.3
69.10382	77.71	101.7
70.26201	78.22	101.1
71.43962	78.74	100.4
72.63697	79.22	99.8
73.85438	79.64	99.1
75.0922	79.96	98.5
76.35076	80.19	97.9
77.63042	80.34	97.3
78.93152	80.42	96.6
80.25443	80.46	96
81.59952	80.49	95.3
82.96715	80.54	94.7
84.3577	80.67	94.1
85.77155	80.9	93.4
87.2091	81.24	92.8
88.67075	81.63	92.2
90.15689	82.02	91.5
91.66795	82.32	90.9
93.20432	82.51	90.2
94.76645	82.59	89.6
96.35476	82.6	88.9
97.96969	82.59	88.3
99.61168	82.61	87.6
101.2812	82.71	87
102.9787	82.89	86.3
104.70465	83.15	85.7
106.45952	83.45	85
108.24381	83.75	84.4
110.058	83.98	83.7
111.9026	84.13	83.1
113.77812	84.19	82.4
115.68507	84.15	81.7
117.62398	84.03	81.1
119.59538	83.9	80.4
121.59983	83.89	79.7
123.63787	84.03	79.1
125.71007	84.29	78.4
127.81701	84.53	77.7
129.95925	84.67	77
132.1374	84.7	76.4
134.35205	84.65	75.7
136.60383	84.64	75
138.89334	84.71	74.3
141.22123	84.85	73.6
143.58813	85.01	72.9
145.9947	85.14	72.2
148.44161	85.24	71.5
150.92953	85.25	70.8
153.45914	85.16	70.1
156.03116	85.04	69.4
158.64628	85.01	68.7
161.30523	85.12	68
164.00874	85.32	67.3
166.75757	85.48	66.6
169.55247	85.52	65.8
172.39421	85.46	65.1
175.28358	85.42	64.4
178.22137	85.46	63.7
181.2084	85.56	63
184.2455	85.64	62.2
187.3335	85.68	61.5
190.47326	85.68	60.8
193.66564	85.63	60
196.91152	85.65	59.3
200.2118	85.78	58.6
203.5674	85.88	57.9
206.97924	85.87	57.1
210.44827	85.8	56.4
213.97543	85.78	55.7
217.56171	85.83	54.9
221.2081	85.9	54.2
224.9156	85.94	53.5
228.68524	85.93	52.8
232.51806	85.93	52.1
236.41512	85.96	51.3
240.3775	86	50.6
244.40628	86	49.9
248.50259	85.97	49.2
252.66756	85.99	48.5
256.90233	86.03	47.9
261.20807	86.04	47.2
265.58598	86.03	46.5
270.03727	86.01	45.9
274.56316	86.02	45.2
279.16491	86.04	44.6
283.84378	86.04	44
288.60107	86.05	43.4
293.43809	86.07	42.8
298.35619	86.07	42.2
303.35671	86.08	41.7
308.44104	86.09	41.1
313.61059	86.11	40.6
318.86678	86.12	40.1
324.21107	86.12	39.6
329.64492	86.12	39.2
335.16985	86.13	38.8
340.78738	86.14	38.4
346.49906	86.16	38
352.30647	86.16	37.6
358.21121	86.16	37.3
364.21492	86.16	37
370.31925	86.16	36.7
376.5259	86.17	36.5
382.83656	86.16	36.3
389.253	86.16	36.1
395.77697	86.14	35.9
402.41029	86.13	35.7
409.15479	86.12	35.6
416.01232	86.1	35.5
422.98479	86.09	35.4
430.07412	86.07	35.4
437.28226	86.06	35.3
444.61122	86.05	35.3
452.06302	86.04	35.3
459.6397	86.03	35.3
467.34338	86.02	35.3
475.17617	86.02	35.3
483.14023	86.01	35.3
491.23778	86	35.2
499.47105	86.01	35.2
507.84231	86.02	34.7
516.35387	86.03	34.2
525.00808	86.05	33.7
533.80735	86.08	33
542.75409	86.11	32.4
551.85078	86.15	31.6
561.09994	86.18	30.9
570.50411	86.22	30.1
580.0659	86.26	29.3
589.78794	86.29	28.5
599.67293	86.33	27.7
609.7236	86.35	26.9
619.94272	86.37	26.2
630.33311	86.39	25.4
640.89765	86.41	24.7
651.63925	86.42	23.9
662.56088	86.43	23
673.66556	86.44	22.1
684.95636	86.43	21.2
696.4364	86.42	20.3
708.10884	86.41	19.6
719.97692	86.38	19
732.04391	86.34	18.4
744.31315	86.29	17.8
756.78802	86.23	17.4
769.47197	86.16	17
782.36851	86.09	16.7
795.4812	86.02	16.6
808.81366	85.94	16.5
822.36957	85.88	16.6
836.15269	85.82	16.7
850.16681	85.78	17
864.41582	85.76	17.3
878.90364	85.76	17.6
893.63428	85.77	17.9
908.61181	85.8	18.1
923.84036	85.85	18.2
939.32415	85.9	18.2
955.06746	85.95	18.2
971.07462	86	18
987.35007	86.04	17.7
1003.8983	86.06	17.4
1020.7239	86.07	17.1
1037.8315	86.06	16.8
1055.2258	86.04	16.5
1072.9116	86.01	16.4
1090.8939	85.98	16.4
1109.1775	85.95	16.5
1127.7676	85.94	16.7
1146.6693	85.95	16.9
1165.8877	85.97	17.2
1185.4283	86.02	17.4
1205.2964	86.08	17.5
1225.4974	86.14	17.4
1246.0371	86.19	17.2
1266.9209	86.23	16.9
1288.1549	86.24	16.6
1309.7446	86.23	16.3
1331.6963	86.2	16.2
1354.0158	86.15	16.2
1376.7095	86.1	16.5
1399.7835	86.07	17
1423.2442	86.08	17.7
1447.0981	86.13	18.5
1471.3518	86.22	19.2
1496.012	86.33	19.7
1521.0856	86.46	20
1546.5793	86.59	20.2
1572.5004	86.71	20.3
1598.8559	86.81	20.5
1625.6531	86.92	20.9
1652.8994	87.07	21.4
1680.6024	87.28	22
1708.7697	87.57	22.5
1737.4091	87.94	22.5
1766.5285	88.35	21.7
1796.136	88.76	20.1
1826.2397	89.11	17.8
1856.8479	89.37	14.8
1887.9691	89.5	11.4
1919.612	89.5	8
1951.7851	89.36	4.8
1984.4975	89.14	2.3
2017.7582	88.87	0.4
2051.5763	88.61	-0.8
2085.9612	88.39	-1.7
2120.9224	88.21	-2.6
2156.4696	88	-3.6
2192.6126	87.73	-4.6
2229.3613	87.36	-5.1
2266.7259	86.93	-4.4
2304.7168	86.58	-2.3
2343.3444	86.47	1
2382.6195	86.67	4.2
2422.5528	87.12	6
2463.1553	87.63	5.9
2504.4384	88.03	4.2
2546.4134	88.26	1.7
2589.0919	88.31	-0.8
2632.4858	88.27	-2.9
2676.6069	88.18	-4.8
2721.4674	88.04	-6.6
2767.0799	87.77	-8.4
2813.4568	87.35	-9.3
2860.6111	86.84	-8.5
2908.5556	86.47	-5
2957.3037	86.59	-0.2
3006.8689	87.24	3.4
3057.2647	88.15	3.8
3108.5052	88.98	0.8
3160.6045	89.5	-4.2
3213.577	89.67	-9.9
3267.4374	89.52	-15.1
3322.2004	89.16	-19.2
3377.8813	88.71	-21.8
3434.4954	88.3	-22.9
3492.0584	88.03	-23.1
3550.5862	87.97	-23.2
3610.0949	88.05	-24.2
3670.6009	88.15	-26.7
3732.1211	88.1	-30.8
3794.6724	87.72	-35.3
3858.272	87.03	-39
3922.9376	86.13	-40.5
3988.687	85.25	-39.6
4055.5384	84.59	-36.6
4123.5102	84.27	-32.9
4192.6212	84.28	-29.9
4262.8906	84.44	-28.5
4334.3377	84.54	-28.6
4406.9822	84.53	-29
4480.8443	84.49	-29.1
4555.9444	84.54	-29.4
4632.3031	84.56	-30.6
4709.9417	84.45	-32.1
4788.8814	84.26	-33
4869.1443	84.13	-33.4
4950.7523	84.07	-34.4
5033.7281	83.93	-36.2
5118.0947	83.64	-38
5203.8752	83.26	-39.1
5291.0934	82.89	-39.6
5379.7734	82.53	-40.1
5469.9397	82.13	-40.5
5561.6173	81.67	-40.3
5654.8313	81.22	-39.3
5749.6077	80.8	-37.8
5845.9725	80.39	-35.6
5943.9525	80.11	-32.1
6043.5746	80.08	-28.3
6144.8664	80.26	-24.7
6247.8558	80.7	-21.5
6352.5714	81.43	-20.3
6459.0421	82.21	-22.2
6567.2972	82.77	-27.1
6677.3667	82.88	-33.7
6789.281	82.51	-40.1
6903.071	81.75	-44.8
7018.7682	80.7	-46.6
7136.4045	79.67	-43.8
7256.0123	79.41	-37.6
7377.6249	79.85	-34.1
7501.2757	80.31	-33.5
7626.9989	80.81	-34.3
7754.8293	81.26	-37.7
7884.8021	81.4	-43
8016.9533	81.22	-48.3
8151.3194	80.89	-53.2
8287.9375	80.3	-58.3
8426.8454	79.43	-60.9
8568.0814	78.81	-60.8
8711.6845	78.49	-61.2
8857.6945	78.22	-62.2
9006.1516	78.06	-64.2
9157.0969	77.84	-67.4
9310.5721	77.56	-71.7
9466.6196	77.01	-76.4
9625.2825	76.26	-80.1
9786.6046	75.74	-83
9950.6305	75.26	-89.7
10117.405	74.2	-98.1
10286.976	72.68	-105.4
10459.388	71.03	-112.1
10634.69	68.19	-118.9
10812.93	65.08	-111.9
10994.157	63.58	-103.9
11178.422	62.44	-97.5
11365.775	62.45	-98.7
11556.268	61.4	-108.1
11749.954	60.99	-116.8
11946.886	60.14	-140.3
12147.119	58.57	-159.5
12350.708	58.63	-177.2
12557.708	59.49	170.7
12768.179	62.22	155.5
12982.177	63.5	131.8
13199.761	63.39	123.5
13420.992	64.66	128.7
13645.931	67.34	134.7
13874.641	70.52	133.2
14107.183	73.32	127.2
14343.623	75.89	115.5
14584.025	77.83	100.7
14828.457	79.12	84.6
15076.986	80.02	69.4
15329.68	80.51	52.5
15586.609	80.19	36.4
15847.844	79.33	26.5
16113.458	79.17	20.8
16383.524	79.26	11.2
16658.115	78.81	-1.5
16937.31	77.54	-12.9
17221.183	75.92	-16.6
17509.814	75.37	-16.2
17803.283	75.03	-19.6
18101.67	74.31	-24.9
18405.059	73.5	-29.5
18713.532	72.9	-33.1
19027.176	72.49	-35.6
19346.076	72.15	-39.6
19670.321	71.38	-46.7
