20.19895	53.79	145.4
20.53749	53.99	145
20.8817	54.19	144.5
21.23169	54.39	144
21.58753	54.59	143.5
21.94935	54.78	143
22.31722	54.96	142.5
22.69126	55.13	142
23.07158	55.3	141.5
23.45826	55.48	140.9
23.85143	55.65	140.4
24.25118	55.85	139.9
24.65764	56.07	139.4
25.07091	56.34	138.8
25.4911	56.67	138.3
25.91834	57.06	137.7
26.35274	57.52	137.2
26.79441	58.03	136.6
27.2435	58.59	136
27.7001	59.18	135.5
28.16436	59.78	134.9
28.63641	60.38	134.3
29.11636	60.98	133.8
29.60436	61.59	133.2
30.10053	62.21	132.6
30.60502	62.84	132.1
31.11797	63.48	131.5
31.63952	64.11	130.9
32.1698	64.74	130.3
32.70898	65.34	129.7
33.25719	65.92	129.1
33.81459	66.45	128.5
34.38133	66.95	127.9
34.95757	67.41	127.3
35.54346	67.84	126.7
36.13918	68.24	126.1
36.74488	68.59	125.5
37.36074	68.9	124.9
37.98691	69.15	124.3
38.62358	69.34	123.7
39.27092	69.5	123.1
39.92911	69.63	122.4
40.59833	69.76	121.8
41.27877	69.89	121.2
41.97061	70.04	120.6
42.67405	70.21	120
43.38928	70.43	119.3
44.11649	70.69	118.7
44.8559	71.01	118.1
45.60769	71.38	117.5
46.37209	71.8	116.8
47.1493	72.25	116.2
47.93953	72.72	115.6
48.74301	73.18	114.9
49.55995	73.63	114.3
50.39059	74.05	113.7
51.23515	74.43	113.1
52.09386	74.77	112.4
52.96697	75.07	111.8
53.85471	75.35	111.2
54.75733	75.61	110.5
55.67507	75.88	109.9
56.6082	76.16	109.3
57.55697	76.43	108.6
58.52164	76.67	108
59.50247	76.85	107.4
60.49975	76.96	106.8
61.51374	76.98	106.1
62.54472	76.93	105.5
63.59299	76.84	104.9
64.65882	76.77	104.2
65.74252	76.78	103.6
66.84438	76.94	103
67.96471	77.26	102.3
69.10382	77.71	101.7
70.26201	78.22	101.1
71.43962	78.74	100.4
72.63697	79.22	99.8
73.85438	79.64	99.1
75.0922	79.96	98.5
76.35076	80.19	97.9
77.63042	80.34	97.3
78.93152	80.42	96.6
80.25443	80.46	96
81.59952	80.49	95.3
82.96715	80.54	94.7
84.3577	80.67	94.1
85.77155	80.9	93.4
87.2091	81.24	92.8
88.67075	81.63	92.2
90.15689	82.02	91.5
91.66795	82.32	90.9
93.20432	82.51	90.2
94.76645	82.59	89.6
96.35476	82.6	88.9
97.96969	82.59	88.3
99.61168	82.61	87.6
101.2812	82.71	87
102.9787	82.89	86.3
104.70465	83.15	85.7
106.45952	83.45	85
108.24381	83.75	84.4
110.058	83.98	83.7
111.9026	84.13	83.1
113.77812	84.19	82.4
115.68507	84.15	81.7
117.62398	84.03	81.1
119.59538	83.9	80.4
121.59983	83.89	79.7
123.63787	84.03	79.1
125.71007	84.29	78.4
127.81701	84.53	77.7
129.95925	84.67	77
132.1374	84.7	76.4
134.35205	84.65	75.7
136.60383	84.64	75
138.89334	84.71	74.3
141.22123	84.85	73.6
143.58813	85.01	72.9
145.9947	85.14	72.2
148.44161	85.24	71.5
150.92953	85.25	70.8
153.45914	85.16	70.1
156.03116	85.04	69.4
158.64628	85.01	68.7
161.30523	85.12	68
164.00874	85.32	67.3
166.75757	85.48	66.6
169.55247	85.52	65.8
172.39421	85.46	65.1
175.28358	85.42	64.4
178.22137	85.46	63.7
181.2084	85.56	63
184.2455	85.64	62.2
187.3335	85.68	61.5
190.47326	85.68	60.8
193.66564	85.63	60
196.91152	85.65	59.3
200.2118	85.78	58.6
203.5674	85.88	57.9
206.97924	85.87	57.1
210.44827	85.8	56.4
213.97543	85.78	55.7
217.56171	85.83	54.9
221.2081	85.9	54.2
224.9156	85.94	53.5
228.68524	85.93	52.8
232.51806	85.93	52.1
236.41512	85.96	51.3
240.3775	86	50.6
244.40628	86	49.9
248.50259	85.97	49.2
252.66756	85.99	48.5
256.90233	86.03	47.9
261.20807	86.04	47.2
265.58598	86.03	46.5
270.03727	86.01	45.9
274.56316	86.02	45.2
279.16491	86.04	44.6
283.84378	86.04	44
288.60107	86.05	43.4
293.43809	86.07	42.8
298.35619	86.07	42.2
303.35671	86.08	41.7
308.44104	86.09	41.1
313.61059	86.11	40.6
318.86678	86.12	40.1
324.21107	86.12	39.6
329.64492	86.12	39.2
335.16985	86.13	38.8
340.78738	86.14	38.4
346.49906	86.16	38
352.30647	86.16	37.6
358.21121	86.16	37.3
364.21492	86.16	37
370.31925	86.16	36.7
376.5259	86.17	36.5
382.83656	86.16	36.3
389.253	86.16	36.1
395.77697	86.14	35.9
402.41029	86.13	35.7
409.15479	86.12	35.6
416.01232	86.1	35.5
422.98479	86.09	35.4
430.07412	86.07	35.4
437.28226	86.06	35.3
444.61122	86.05	35.3
452.06302	86.04	35.3
459.6397	86.03	35.3
467.34338	86.02	35.3
475.17617	86.02	35.3
483.14023	86.01	35.3
491.23778	86	35.2
499.47105	86.01	35.2
507.84231	86.02	34.5
516.35387	86.04	33.8
525.00808	86.06	33.1
533.80735	86.09	32.2
542.75409	86.12	31.3
551.85078	86.15	30.3
561.09994	86.18	29.3
570.50411	86.22	28.2
580.0659	86.24	27.1
589.78794	86.27	26
599.67293	86.3	24.9
609.7236	86.3	23.8
619.94272	86.31	22.8
630.33311	86.31	21.7
640.89765	86.31	20.7
651.63925	86.3	19.5
662.56088	86.28	18.4
673.66556	86.26	17.2
684.95636	86.23	16
696.4364	86.18	14.7
708.10884	86.15	14.1
719.97692	86.1	13.5
732.04391	86.05	12.9
744.31315	85.98	12.5
756.78802	85.91	12
769.47197	85.83	11.7
782.36851	85.75	11.5
795.4812	85.67	11.3
808.81366	85.6	11.3
822.36957	85.53	11.4
836.15269	85.48	11.5
850.16681	85.45	11.7
864.41582	85.42	11.9
878.90364	85.41	12
893.63428	85.42	12.1
908.61181	85.43	12.2
923.84036	85.45	12.2
939.32415	85.46	12.1
955.06746	85.47	11.9
971.07462	85.48	11.7
987.35007	85.47	11.5
1003.8983	85.45	11.4
1020.7239	85.43	11.3
1037.8315	85.4	11.2
1055.2258	85.37	11.3
1072.9116	85.36	11.4
1090.8939	85.35	11.6
1109.1775	85.37	11.8
1127.7676	85.4	12
1146.6693	85.45	12
1165.8877	85.5	12
1185.4283	85.55	11.7
1205.2964	85.59	11.4
1225.4974	85.6	10.9
1246.0371	85.58	10.4
1266.9209	85.52	10
1288.1549	85.44	9.8
1309.7446	85.33	9.9
1331.6963	85.21	10.4
1354.0158	85.12	11.2
1376.7095	85.07	12.4
1399.7835	85.08	13.7
1423.2442	85.17	15.1
1447.0981	85.32	16.3
1471.3518	85.51	17.3
1496.012	85.72	17.9
1521.0856	85.94	18.3
1546.5793	86.15	18.5
1572.5004	86.35	18.7
1598.8559	86.56	18.9
1625.6531	86.8	19.2
1652.8994	87.09	19.3
1680.6024	87.43	19.2
1708.7697	87.82	18.7
1737.4091	88.23	17.5
1766.5285	88.61	15.6
1796.136	88.95	13.2
1826.2397	89.21	10.3
1856.8479	89.37	7.1
1887.9691	89.44	3.9
1919.612	89.43	0.7
1951.7851	89.35	-2.3
1984.4975	89.22	-5
2017.7582	89.06	-7.6
2051.5763	88.86	-10
2085.9612	88.61	-12.2
2120.9224	88.29	-14.2
2156.4696	87.91	-15.8
2192.6126	87.48	-16.7
2229.3613	87.05	-16.6
2266.7259	86.68	-15.6
2304.7168	86.44	-13.8
2343.3444	86.39	-11.9
2382.6195	86.5	-10.5
2422.5528	86.7	-9.9
2463.1553	86.9	-10.2
2504.4384	87.03	-11.2
2546.4134	87.08	-12.4
2589.0919	87.07	-13.4
2632.4858	87.05	-14.1
2676.6069	87.06	-14.6
2721.4674	87.12	-15.3
2767.0799	87.17	-16.3
2813.4568	87.19	-17.6
2860.6111	87.17	-18.8
2908.5556	87.14	-19.8
2957.3037	87.15	-20.8
3006.8689	87.18	-22.3
3057.2647	87.14	-24.2
3108.5052	86.96	-26.1
3160.6045	86.66	-27.2
3213.577	86.37	-26.8
3267.4374	86.29	-25.1
3322.2004	86.52	-23.5
3377.8813	86.99	-23.4
3434.4954	87.51	-25.4
3492.0584	87.91	-29.2
3550.5862	88.1	-34
3610.0949	88.08	-39
3670.6009	87.92	-43.8
3732.1211	87.68	-48.6
3794.6724	87.31	-53.7
3858.272	86.73	-58.8
3922.9376	85.89	-62.8
3988.687	84.92	-64.8
4055.5384	84.05	-64.8
4123.5102	83.42	-63.8
4192.6212	82.95	-63.1
4262.8906	82.52	-62.7
4334.3377	82.09	-62.3
4406.9822	81.7	-61.9
4480.8443	81.34	-61.5
4555.9444	80.99	-61.3
4632.3031	80.6	-61.4
4709.9417	80.13	-61.4
4788.8814	79.59	-60.8
4869.1443	79.11	-59
4950.7523	78.82	-57
5033.7281	78.67	-55.7
5118.0947	78.55	-55.2
5203.8752	78.43	-55.3
5291.0934	78.26	-56.2
5379.7734	77.91	-57.4
5469.9397	77.43	-57.9
5561.6173	76.93	-57.6
5654.8313	76.46	-57.2
5749.6077	75.77	-57
5845.9725	74.68	-54
5943.9525	73.92	-44.3
6043.5746	74.53	-33.3
6144.8664	75.93	-29.5
6247.8558	77.12	-31.4
6352.5714	77.89	-36.1
6459.0421	78.32	-42.2
6567.2972	78.42	-49
6677.3667	78.19	-56
6789.281	77.58	-62.3
6903.071	76.66	-66.6
7018.7682	75.65	-68.1
7136.4045	74.81	-67.5
7256.0123	74.23	-65.9
7377.6249	73.98	-64.5
7501.2757	74.03	-65.3
7626.9989	73.97	-69.4
7754.8293	73.46	-73.7
7884.8021	72.93	-74.3
8016.9533	73.31	-74.2
8151.3194	73.98	-82.3
8287.9375	73.59	-95.3
8426.8454	72.3	-106.6
8568.0814	70.82	-115.1
8711.6845	69.51	-122.3
8857.6945	68.55	-127.7
9006.1516	68.67	-133.1
9157.0969	69.14	-145.1
9310.5721	69.58	-156.3
9466.6196	70.85	-171.2
9625.2825	71.91	170.5
9786.6046	72.62	148.9
9950.6305	72.69	130.8
10117.405	72.8	118.8
10286.976	73.66	109.2
10459.388	74.79	95.2
10634.69	75.04	80.2
10812.93	74.59	69.7
10994.157	74.27	64.5
11178.422	74.22	58.7
11365.775	74.1	53.6
11556.268	74.18	49.2
11749.954	74.26	42.8
11946.886	73.67	35.9
12147.119	72.79	32.3
12350.708	71.77	32.5
12557.708	71.64	38.8
12768.179	72.64	39.3
12982.177	73.26	33.3
13199.761	73.03	25
13420.992	71.89	23
13645.931	71.34	29.9
13874.641	71.73	36.4
14107.183	72.91	37.9
14343.623	74.17	31.6
14584.025	75.03	23.5
14828.457	75.31	15.4
15076.986	75.51	9.1
15329.68	75.31	-1
15586.609	74.75	-8.4
15847.844	74.56	-12.9
16113.458	74.8	-20.7
16383.524	74.26	-33.5
16658.115	72.6	-46.4
16937.31	69.75	-53.8
17221.183	67.19	-50.9
17509.814	66.36	-45.1
17803.283	65.92	-46.9
18101.67	63.91	-41.8
18405.059	62.63	-26.1
18713.532	63	-12.1
19027.176	64.27	-0.7
19346.076	67.44	2
19670.321	69.63	-11.6
