20.19895	53.79	145.4
20.53749	53.99	145
20.8817	54.19	144.5
21.23169	54.39	144
21.58753	54.59	143.5
21.94935	54.78	143
22.31722	54.96	142.5
22.69126	55.13	142
23.07158	55.3	141.5
23.45826	55.48	140.9
23.85143	55.65	140.4
24.25118	55.85	139.9
24.65764	56.07	139.4
25.07091	56.34	138.8
25.4911	56.67	138.3
25.91834	57.06	137.7
26.35274	57.52	137.2
26.79441	58.03	136.6
27.2435	58.59	136
27.7001	59.18	135.5
28.16436	59.78	134.9
28.63641	60.38	134.3
29.11636	60.98	133.8
29.60436	61.59	133.2
30.10053	62.21	132.6
30.60502	62.84	132.1
31.11797	63.48	131.5
31.63952	64.11	130.9
32.1698	64.74	130.3
32.70898	65.34	129.7
33.25719	65.92	129.1
33.81459	66.45	128.5
34.38133	66.95	127.9
34.95757	67.41	127.3
35.54346	67.84	126.7
36.13918	68.24	126.1
36.74488	68.59	125.5
37.36074	68.9	124.9
37.98691	69.15	124.3
38.62358	69.34	123.7
39.27092	69.5	123.1
39.92911	69.63	122.4
40.59833	69.76	121.8
41.27877	69.89	121.2
41.97061	70.04	120.6
42.67405	70.21	120
43.38928	70.43	119.3
44.11649	70.69	118.7
44.8559	71.01	118.1
45.60769	71.38	117.5
46.37209	71.8	116.8
47.1493	72.25	116.2
47.93953	72.72	115.6
48.74301	73.18	114.9
49.55995	73.63	114.3
50.39059	74.05	113.7
51.23515	74.43	113.1
52.09386	74.77	112.4
52.96697	75.07	111.8
53.85471	75.35	111.2
54.75733	75.61	110.5
55.67507	75.88	109.9
56.6082	76.16	109.3
57.55697	76.43	108.6
58.52164	76.67	108
59.50247	76.85	107.4
60.49975	76.96	106.8
61.51374	76.98	106.1
62.54472	76.93	105.5
63.59299	76.84	104.9
64.65882	76.77	104.2
65.74252	76.78	103.6
66.84438	76.94	103
67.96471	77.26	102.3
69.10382	77.71	101.7
70.26201	78.22	101.1
71.43962	78.74	100.4
72.63697	79.22	99.8
73.85438	79.64	99.1
75.0922	79.96	98.5
76.35076	80.19	97.9
77.63042	80.34	97.3
78.93152	80.42	96.6
80.25443	80.46	96
81.59952	80.49	95.3
82.96715	80.54	94.7
84.3577	80.67	94.1
85.77155	80.9	93.4
87.2091	81.24	92.8
88.67075	81.63	92.2
90.15689	82.02	91.5
91.66795	82.32	90.9
93.20432	82.51	90.2
94.76645	82.59	89.6
96.35476	82.6	88.9
97.96969	82.59	88.3
99.61168	82.61	87.6
101.2812	82.71	87
102.9787	82.89	86.3
104.70465	83.15	85.7
106.45952	83.45	85
108.24381	83.75	84.4
110.058	83.98	83.7
111.9026	84.13	83.1
113.77812	84.19	82.4
115.68507	84.15	81.7
117.62398	84.03	81.1
119.59538	83.9	80.4
121.59983	83.89	79.7
123.63787	84.03	79.1
125.71007	84.29	78.4
127.81701	84.53	77.7
129.95925	84.67	77
132.1374	84.7	76.4
134.35205	84.65	75.7
136.60383	84.64	75
138.89334	84.71	74.3
141.22123	84.85	73.6
143.58813	85.01	72.9
145.9947	85.14	72.2
148.44161	85.24	71.5
150.92953	85.25	70.8
153.45914	85.16	70.1
156.03116	85.04	69.4
158.64628	85.01	68.7
161.30523	85.12	68
164.00874	85.32	67.3
166.75757	85.48	66.6
169.55247	85.52	65.8
172.39421	85.46	65.1
175.28358	85.42	64.4
178.22137	85.46	63.7
181.2084	85.56	63
184.2455	85.64	62.2
187.3335	85.68	61.5
190.47326	85.68	60.8
193.66564	85.63	60
196.91152	85.65	59.3
200.2118	85.78	58.6
203.5674	85.88	57.9
206.97924	85.87	57.1
210.44827	85.8	56.4
213.97543	85.78	55.7
217.56171	85.83	54.9
221.2081	85.9	54.2
224.9156	85.94	53.5
228.68524	85.93	52.8
232.51806	85.93	52.1
236.41512	85.96	51.3
240.3775	86	50.6
244.40628	86	49.9
248.50259	85.97	49.2
252.66756	85.99	48.5
256.90233	86.03	47.9
261.20807	86.04	47.2
265.58598	86.03	46.5
270.03727	86.01	45.9
274.56316	86.02	45.2
279.16491	86.04	44.6
283.84378	86.04	44
288.60107	86.05	43.4
293.43809	86.07	42.8
298.35619	86.07	42.2
303.35671	86.08	41.7
308.44104	86.09	41.1
313.61059	86.11	40.6
318.86678	86.12	40.1
324.21107	86.12	39.6
329.64492	86.12	39.2
335.16985	86.13	38.8
340.78738	86.14	38.4
346.49906	86.16	38
352.30647	86.16	37.6
358.21121	86.16	37.3
364.21492	86.16	37
370.31925	86.16	36.7
376.5259	86.17	36.5
382.83656	86.16	36.3
389.253	86.16	36.1
395.77697	86.14	35.9
402.41029	86.13	35.7
409.15479	86.12	35.6
416.01232	86.1	35.5
422.98479	86.09	35.4
430.07412	86.07	35.4
437.28226	86.06	35.3
444.61122	86.05	35.3
452.06302	86.04	35.3
459.6397	86.03	35.3
467.34338	86.02	35.3
475.17617	86.02	35.3
483.14023	86.01	35.3
491.23778	86	35.2
499.47105	86.01	35.2
507.84231	86.03	34.9
516.35387	86.05	34.7
525.00808	86.08	34.4
533.80735	86.12	34
542.75409	86.16	33.5
551.85078	86.21	33
561.09994	86.26	32.5
570.50411	86.31	31.9
580.0659	86.35	31.4
589.78794	86.4	30.8
599.67293	86.43	30.3
609.7236	86.46	29.8
619.94272	86.49	29.4
630.33311	86.52	28.9
640.89765	86.54	28.5
651.63925	86.56	28.1
662.56088	86.58	27.6
673.66556	86.6	27.2
684.95636	86.61	26.7
696.4364	86.62	26.2
708.10884	86.62	25.7
719.97692	86.62	25.3
732.04391	86.6	24.8
744.31315	86.58	24.4
756.78802	86.55	24.1
769.47197	86.51	23.7
782.36851	86.47	23.5
795.4812	86.42	23.3
808.81366	86.38	23.2
822.36957	86.33	23.1
836.15269	86.29	23.2
850.16681	86.26	23.3
864.41582	86.24	23.5
878.90364	86.22	23.7
893.63428	86.22	23.9
908.61181	86.23	24.2
923.84036	86.25	24.4
939.32415	86.28	24.5
955.06746	86.32	24.7
971.07462	86.36	24.7
987.35007	86.4	24.7
1003.8983	86.44	24.7
1020.7239	86.47	24.6
1037.8315	86.49	24.5
1055.2258	86.52	24.5
1072.9116	86.53	24.4
1090.8939	86.56	24.5
1109.1775	86.58	24.5
1127.7676	86.61	24.6
1146.6693	86.65	24.7
1165.8877	86.71	24.8
1185.4283	86.77	24.8
1205.2964	86.83	24.7
1225.4974	86.9	24.5
1246.0371	86.96	24.3
1266.9209	87.01	24
1288.1549	87.04	23.7
1309.7446	87.05	23.4
1331.6963	87.06	23.2
1354.0158	87.07	23.2
1376.7095	87.08	23.3
1399.7835	87.13	23.4
1423.2442	87.2	23.6
1447.0981	87.31	23.6
1471.3518	87.43	23.4
1496.012	87.56	22.8
1521.0856	87.66	21.9
1546.5793	87.71	20.7
1572.5004	87.69	19.5
1598.8559	87.59	18.4
1625.6531	87.43	17.6
1652.8994	87.24	17.5
1680.6024	87.06	18
1708.7697	86.95	19.1
1737.4091	86.95	20.4
1766.5285	87.07	21.6
1796.136	87.26	22.1
1826.2397	87.47	22
1856.8479	87.63	21.2
1887.9691	87.72	20
1919.612	87.7	18.8
1951.7851	87.62	17.9
1984.4975	87.5	17.6
2017.7582	87.41	17.6
2051.5763	87.37	17.7
2085.9612	87.36	17.7
2120.9224	87.34	17.4
2156.4696	87.25	16.9
2192.6126	87.08	16.7
2229.3613	86.85	17.2
2266.7259	86.65	18.8
2304.7168	86.59	21.1
2343.3444	86.73	23.6
2382.6195	87.04	25.3
2422.5528	87.4	25.9
2463.1553	87.72	25.5
2504.4384	87.93	24.6
2546.4134	88.05	23.9
2589.0919	88.15	23.5
2632.4858	88.29	23.3
2676.6069	88.49	22.8
2721.4674	88.68	21.8
2767.0799	88.79	20.2
2813.4568	88.76	18.7
2860.6111	88.65	18.1
2908.5556	88.58	18.4
2957.3037	88.68	19.3
3006.8689	88.95	19.6
3057.2647	89.28	18.6
3108.5052	89.49	16.6
3160.6045	89.55	14.4
3213.577	89.51	12.7
3267.4374	89.46	11.6
3322.2004	89.46	10.5
3377.8813	89.45	9.2
3434.4954	89.41	7.9
3492.0584	89.35	6.9
3550.5862	89.35	5.8
3610.0949	89.38	4.3
3670.6009	89.33	2.3
3732.1211	89.17	0.3
3794.6724	88.96	-1
3858.272	88.8	-2.1
3922.9376	88.69	-3.4
3988.687	88.51	-5.4
4055.5384	88.16	-7.6
4123.5102	87.62	-8.8
4192.6212	87	-8.2
4262.8906	86.53	-5.6
4334.3377	86.37	-2.3
4406.9822	86.48	0.2
4480.8443	86.73	1.2
4555.9444	86.95	0.6
4632.3031	86.98	-1.1
4709.9417	86.77	-2.8
4788.8814	86.45	-3.2
4869.1443	86.18	-2.5
4950.7523	86.09	-1.4
5033.7281	86.13	-0.8
5118.0947	86.21	-1.4
5203.8752	86.14	-2.7
5291.0934	85.95	-3.6
5379.7734	85.76	-3.9
5469.9397	85.61	-4.6
5561.6173	85.31	-6
5654.8313	84.72	-6.9
5749.6077	83.96	-5.5
5845.9725	83.35	-1.5
5943.9525	83.06	4
6043.5746	83.19	9.7
6144.8664	83.69	14
6247.8558	84.35	16.2
6352.5714	85.04	16.5
6459.0421	85.65	14.6
6567.2972	86.03	11.3
6677.3667	86.1	7.4
6789.281	85.88	3.8
6903.071	85.43	1.4
7018.7682	84.83	0.8
7136.4045	84.27	2.8
7256.0123	84.06	6.9
7377.6249	84.31	10.7
7501.2757	84.8	12.8
7626.9989	85.38	13.1
7754.8293	85.92	11.1
7884.8021	86.24	7.6
8016.9533	86.32	3.6
8151.3194	86.17	-0.5
8287.9375	85.72	-3.8
8426.8454	85.09	-4.6
8568.0814	84.64	-2.8
8711.6845	84.52	-0.9
8857.6945	84.53	0.1
9006.1516	84.67	0
9157.0969	84.76	-1.9
9310.5721	84.6	-4.1
9466.6196	84.31	-5.2
9625.2825	84.04	-5.2
9786.6046	83.81	-4.6
9950.6305	83.74	-3.6
10117.405	83.78	-4.3
10286.976	83.67	-5.5
10459.388	83.56	-6.5
10634.69	83.38	-7.5
10812.93	83.17	-7.9
10994.157	82.96	-7.9
11178.422	82.77	-7.4
11365.775	82.79	-6.9
11556.268	82.87	-7.8
11749.954	82.85	-10.4
11946.886	82.4	-13.7
12147.119	81.63	-14.1
12350.708	80.97	-10.6
12557.708	81.07	-4.4
12768.179	81.88	-2.2
12982.177	82.53	-4.5
13199.761	82.81	-8.8
13420.992	82.51	-11.8
13645.931	82.38	-10.6
13874.641	82.87	-10.3
14107.183	83.65	-14.5
14343.623	84.09	-22.4
14584.025	84.08	-31.7
14828.457	83.45	-40.1
15076.986	82.62	-47.3
15329.68	81.58	-53.2
15586.609	80.62	-58
15847.844	79.36	-62.8
16113.458	77.72	-62.9
16383.524	77.03	-62.5
16658.115	75.84	-67.9
16937.31	73.97	-69.3
17221.183	72.38	-64.7
17509.814	71.14	-55.7
17803.283	70.42	-46.2
18101.67	70.44	-38.1
18405.059	70.96	-34.3
18713.532	71.17	-34.7
19027.176	70.73	-33.1
19346.076	70.9	-29.6
19670.321	71.93	-30.7
